Wed Aug 15 20:59:15 2007: Got mail
Received: from yves by localhost with local (Exim 4.50)
	id 1G17uk-0003eY-55
	for goat@rutschle.net; Thu, 13 Jul 2006 22:36:02 +0200
Date: Thu, 13 Jul 2006 22:36:01 +0200
To: goat@rutschle.net
Subject: resultat blan
Message-ID: <20060713203601.GD841@naryves.com>
Mime-Version: 1.0
Content-Type: text/plain; charset=us-ascii
Content-Disposition: inline
User-Agent: Mutt/1.5.9i
From: Yves <yves@rutschle.net>



Wed Aug 15 20:59:35 2007: Got mail
Received: from yves by localhost with local (Exim 4.50)
	id 1G17uk-0003eY-55
	for goat@rutschle.net; Thu, 13 Jul 2006 22:36:02 +0200
Date: Thu, 13 Jul 2006 22:36:01 +0200
To: goat@rutschle.net
Subject: rdv 30 juillet 2005 17:73, Club Go Toulouse
Message-ID: <20060713203601.GD841@naryves.com>
Mime-Version: 1.0
Content-Type: text/plain; charset=us-ascii
Content-Disposition: inline
User-Agent: Mutt/1.5.9i
From: Yves <yves@rutschle.net>



Wed Aug 15 20:59:54 2007: Got mail
Received: from yves by localhost with local (Exim 4.50)
	id 1G17uk-0003eY-55
	for goat@rutschle.net; Thu, 13 Jul 2006 22:36:02 +0200
Date: Thu, 13 Jul 2006 22:36:01 +0200
To: goat@rutschle.net
Subject: rdv 30 juillet 2005 17:73, Club Go Toulouse
Message-ID: <20060713203601.GD841@naryves.com>
Mime-Version: 1.0
Content-Type: text/plain; charset=us-ascii
Content-Disposition: inline
User-Agent: Mutt/1.5.9i
From: Eve <eve@rutschle.net>



Wed Aug 15 21:00:16 2007: Got mail
Received: from yves by localhost with local (Exim 4.50)
	id 1G17uk-0003eY-55
	for goat@rutschle.net; Thu, 13 Jul 2006 22:36:02 +0200
Date: Thu, 13 Jul 2006 22:36:01 +0200
To: goat@rutschle.net
Subject: rdv 21 juillet 2005 17:33, Club Go Toulouse
Message-ID: <20060713203601.GD841@naryves.com>
Mime-Version: 1.0
Content-Type: text/plain; charset=us-ascii
Content-Disposition: inline
User-Agent: Mutt/1.5.9i
From: Yves <yves@rutschle.net>



Wed Aug 15 21:00:36 2007: Got mail
Received: from yves by localhost with local (Exim 4.50)
	id 1G17uk-0003eY-55
	for goat@rutschle.net; Thu, 13 Jul 2006 22:36:02 +0200
Date: Thu, 13 Jul 2006 22:36:01 +0200
To: goat@rutschle.net
Subject: resultat blanc
Message-ID: <20060713203601.GD841@naryves.com>
Mime-Version: 1.0
Content-Type: text/plain; charset=us-ascii
Content-Disposition: inline
User-Agent: Mutt/1.5.9i
From: Yves <Yves@Rutschle.Net>



Wed Aug 15 21:01:04 2007: Got mail
Received: from yves by localhost with local (Exim 4.50)
	id 1G17uk-0003eY-55
	for goat@rutschle.net; Thu, 13 Jul 2006 22:36:02 +0200
Date: Thu, 13 Jul 2006 22:36:01 +0200
To: goat@rutschle.net
Subject: resultat blanc
Message-ID: <20060713203601.GD841@naryves.com>
Mime-Version: 1.0
X-Loop: GO Assistant <goat@rutschle.net>
Content-Type: text/plain; charset=us-ascii
Content-Disposition: inline
User-Agent: Mutt/1.5.9i
From: Yves <yves@rutschle.net>



Wed Aug 15 21:01:04 2007: Loop detected -- dropping mail
Wed Aug 15 21:01:10 2007: Got mail
Received: from baudot.cnes.fr ([132.149.22.11])
	by localhost with esmtp (Exim 4.50)
	id 1GjG5j-00062i-Lj
	for goat@naryves.com; Sun, 12 Nov 2006 15:13:47 +0100
Received: from cnes.fr by baudot.cnes.fr id kACEDDv21203;
	Sun, 12 Nov 2006 15:13:13 +0100 (MET)
From: postmaster@EXCHANGE.CST.CNES.FR
To: goat@naryves.com
Date: Sun, 12 Nov 2006 15:13:11 +0100
MIME-Version: 1.0
Content-Type: multipart/report; report-type=delivery-status;
	boundary="9B095B5ADSN=_01C653E2B1A3B03B00274F5Ccst?xch?003.cnes"
X-DSNContext: 7ce717b1 - 1158 - 00000002 - 00000000
Message-Id: <200611121413.kACEDDv21203@cnes.fr>
Subject: Delivery Status Notification (Failure)
X-OriginalArrivalTime: 12 Nov 2006 14:13:11.0899 (UTC) FILETIME=[AFC862B0:01C70664]
X-Loop-Check:  

This is a MIME-formatted message.  
Portions of this message may be unreadable without a MIME-capable mail program.

--9B095B5ADSN=_01C653E2B1A3B03B00274F5Ccst?xch?003.cnes
Content-Type: text/plain; charset=unicode-1-1-utf-7

This is an automatically generated Delivery Status Notification.

Delivery to the following recipients failed.

       Frederic.Cagnazzo@EXCHANGE.CST.CNES.FR




--9B095B5ADSN=_01C653E2B1A3B03B00274F5Ccst?xch?003.cnes
Content-Type: message/delivery-status

Reporting-MTA: dns;cst-xch-003.cnesnet.ad.cnes.fr
Received-From-MTA: dns;cst-com-001.cnesnet.ad.cnes.fr
Arrival-Date: Sun, 12 Nov 2006 15:13:11 +0100

Final-Recipient: rfc822;Frederic.Cagnazzo@EXCHANGE.CST.CNES.FR
Action: failed
Status: 5.2.2
X-Display-Name: Cagnazzo Frederic


--9B095B5ADSN=_01C653E2B1A3B03B00274F5Ccst?xch?003.cnes
Content-Type: message/rfc822

Received: from cst-com-001.cnesnet.ad.cnes.fr ([132.149.46.194]) by cst-xch-003.cnesnet.ad.cnes.fr with Microsoft SMTPSVC(6.0.3790.211);
	 Sun, 12 Nov 2006 15:13:11 +0100
Received: from mailhub-2.cnes.fr ([132.149.22.21]) by cst-com-001.cnesnet.ad.cnes.fr with Microsoft SMTPSVC(6.0.3790.211);
	 Sun, 12 Nov 2006 15:13:11 +0100
Received: from koch.cnes.fr (koch.cnes.fr [132.149.22.12])
	by mailhub-2.cnes.fr (Postfix) with ESMTP id 9B9FD17C13D
	for <Frederic.Cagnazzo@cnes.fr>; Sun, 12 Nov 2006 15:13:11 +0100 (CET)
Received: from bart.cnes.fr (unverified [132.149.22.7]) by koch.cnes.fr
 (Content Technologies SMTPRS 4.3.20) with ESMTP id <T7be920958b8495160c3374@koch.cnes.fr> for <Frederic.Cagnazzo@cnes.fr>;
 Sun, 12 Nov 2006 15:10:04 +0100
Received: by bart.cnes.fr (Postfix, from userid 73)
	id 1CC9A7B845; Sun, 12 Nov 2006 14:13:11 +0000 (GMT)
Received: from baudot.cnes.fr (baudot.cnes.fr [132.149.22.11])
	by bart.cnes.fr (Postfix) with ESMTP id AE65D7B843
	for <Frederic.Cagnazzo@cnes.fr>; Sun, 12 Nov 2006 14:13:10 +0000 (GMT)
Received: from smtp5-g19.free.fr (smtp5-g19.free.fr [212.27.42.35])
	by baudot.cnes.fr (8.11.7/8.11.7) with ESMTP id kACEDAv21178
	for <Frederic.Cagnazzo@cnes.fr>; Sun, 12 Nov 2006 15:13:10 +0100 (MET)
Received: from localhost (bon31-1-81-56-87-71.fbx.proxad.net [81.56.87.71])
	by smtp5-g19.free.fr (Postfix) with ESMTP id 41DAD27AA2;
	Sun, 12 Nov 2006 15:13:10 +0100 (CET)
Received: from goat by localhost with local (Exim 4.50)
	id 1GjG5A-000621-89; Sun, 12 Nov 2006 15:13:12 +0100
X-Loop: GO Assistant <goat@rutschle.net>
Subject: [goat] Votre appariement
To: FrÃƒÂ©dÃƒÂ©ric CAGNAZZO <Frederic.Cagnazzo@cnes.fr>,
	Thomas DUFOUR <naptod@free.fr>
From: GO Assistant <goat@rutschle.net>
Message-Id: <E1GjG5A-000621-89@localhost>
Date: Sun, 12 Nov 2006 15:13:12 +0100
X-Spam-Checker-Version: SpamAssassin 3.0.4 (2005-06-05) on bart.cnes.fr
X-Spam-Level: 
X-Spam-Status: No, score=-2.6 required=5.0 tests=BAYES_00 bayes=0.0000 
	autolearn=ham version=_VER
Return-Path: goat@naryves.com
X-OriginalArrivalTime: 12 Nov 2006 14:13:11.0556 (UTC) FILETIME=[AF940C40:01C70664]
MIME-Version: 1.0
Content-Transfer-Encoding: quoted-printable
X-MIME-Autoconverted: from 8bit to quoted-printable by baudot.cnes.fr id kACEDDv21203

Vous avez re=E7u ce courrier car vous =EAtes inscrit au tournoi
permanent de Toulouse. Si vous avez re=E7u ce mail par erreur,
merci de contacter Yves Rutschle <go@rutschle.net>


Voici votre appariement pour la prochaine ronde :

Noir: Thomas DUFOUR <naptod@free.fr>
Blanc: Fr=C3=A9d=C3=A9ric CAGNAZZO <Frederic.Cagnazzo@cnes.fr>
Handicap: 0

Merci de r=E9pondre =E0 ce courrier d=E8s que vous aurez arrang=E9 la
rencontre, en remplissant le sujet de votre r=E9ponse de la
fa=E7on suivante :

rendezvous <date>, <lieu>

Par exemple:

rendezvous 12 mars, Cool =E0 Flo



--9B095B5ADSN=_01C653E2B1A3B03B00274F5Ccst?xch?003.cnes--


Wed Aug 15 21:01:10 2007: mail from postmaster -- dropping

Wed Aug 15 21:01:16 2007: Got mail
Received: from yves by localhost with local (Exim 4.50)
	id 1G17uk-0003eY-55
	for goat@rutschle.net; Thu, 13 Jul 2006 22:36:02 +0200
Date: Thu, 13 Jul 2006 22:36:01 +0200
To: goat@rutschle.net
Subject: resultat blanc
Message-ID: <20060713203601.GD841@naryves.com>
Mime-Version: 1.0
Content-Type: text/plain; charset=us-ascii
Content-Disposition: inline
User-Agent: Mutt/1.5.9i



Wed Aug 15 21:01:16 2007: Illegal sender
Wed Aug 15 21:01:23 2007: Got mail
Received: from yves by localhost with local (Exim 4.50)
	id 1G17uk-0003eY-55
	for goat@rutschle.net; Thu, 13 Jul 2006 22:36:02 +0200
Date: Thu, 13 Jul 2006 22:36:01 +0200
To: goat@rutschle.net
Subject: =?iso-8859-1?Q?rendezvous_13_d=E9cembre_2005_21:00=2C_Cool?=
Message-ID: <20060713203601.GD841@naryves.com>
Mime-Version: 1.0
Content-Type: text/plain; charset=us-ascii
Content-Disposition: inline
User-Agent: Mutt/1.5.9i
From: Yves <yves@rutschle.net>



Wed Aug 15 21:01:43 2007: Got mail
Received: from yves by localhost with local (Exim 4.50)
	id 1G17uk-0003eY-55
	for goat@rutschle.net; Thu, 13 Jul 2006 22:36:02 +0200
Date: Thu, 13 Jul 2006 22:36:01 +0200
To: goat@rutschle.net
Subject: n'importe quoi
Message-ID: <20060713203601.GD841@naryves.com>
Mime-Version: 1.0
Content-Type: text/plain; charset=us-ascii
Content-Disposition: inline
User-Agent: Mutt/1.5.9i
From: Yves <yves@rutschle.net>

rdv 13 déc 2005 21:00, Cool

Wed Aug 15 21:02:13 2007: Got mail
Received: from yves by localhost with local (Exim 4.50)
	id 1G17uk-0003eY-55
	for goat@rutschle.net; Thu, 13 Jul 2006 22:36:02 +0200
Date: Thu, 13 Jul 2006 22:36:01 +0200
To: goat@rutschle.net
Subject: rdb: 12 aou 2006 17:00, Club Go
Message-ID: <20060713203601.GD841@naryves.com>
Mime-Version: 1.0
Content-Type: text/plain; charset=us-ascii
Content-Disposition: inline
User-Agent: Mutt/1.5.9i
From: Yves <yves@rutschle.net>



Wed Aug 15 21:02:13 2007: No command found, bouncing mail
Wed Aug 15 21:15:48 2007: Got mail
Received: from yves by localhost with local (Exim 4.50)
	id 1G17uk-0003eY-55
	for goat@rutschle.net; Thu, 13 Jul 2006 22:36:02 +0200
Date: Thu, 13 Jul 2006 22:36:01 +0200
To: goat@rutschle.net
Subject: resultat blan
Message-ID: <20060713203601.GD841@naryves.com>
Mime-Version: 1.0
Content-Type: text/plain; charset=us-ascii
Content-Disposition: inline
User-Agent: Mutt/1.5.9i
From: Yves <yves@rutschle.net>



Wed Aug 15 21:16:12 2007: Got mail
Received: from yves by localhost with local (Exim 4.50)
	id 1G17uk-0003eY-55
	for goat@rutschle.net; Thu, 13 Jul 2006 22:36:02 +0200
Date: Thu, 13 Jul 2006 22:36:01 +0200
To: goat@rutschle.net
Subject: rdv 30 juillet 2005 17:73, Club Go Toulouse
Message-ID: <20060713203601.GD841@naryves.com>
Mime-Version: 1.0
Content-Type: text/plain; charset=us-ascii
Content-Disposition: inline
User-Agent: Mutt/1.5.9i
From: Yves <yves@rutschle.net>



Wed Aug 15 21:16:34 2007: Got mail
Received: from yves by localhost with local (Exim 4.50)
	id 1G17uk-0003eY-55
	for goat@rutschle.net; Thu, 13 Jul 2006 22:36:02 +0200
Date: Thu, 13 Jul 2006 22:36:01 +0200
To: goat@rutschle.net
Subject: rdv 30 juillet 2005 17:73, Club Go Toulouse
Message-ID: <20060713203601.GD841@naryves.com>
Mime-Version: 1.0
Content-Type: text/plain; charset=us-ascii
Content-Disposition: inline
User-Agent: Mutt/1.5.9i
From: Eve <eve@rutschle.net>



Wed Aug 15 21:16:59 2007: Got mail
Received: from yves by localhost with local (Exim 4.50)
	id 1G17uk-0003eY-55
	for goat@rutschle.net; Thu, 13 Jul 2006 22:36:02 +0200
Date: Thu, 13 Jul 2006 22:36:01 +0200
To: goat@rutschle.net
Subject: rdv 21 juillet 2005 17:33, Club Go Toulouse
Message-ID: <20060713203601.GD841@naryves.com>
Mime-Version: 1.0
Content-Type: text/plain; charset=us-ascii
Content-Disposition: inline
User-Agent: Mutt/1.5.9i
From: Yves <yves@rutschle.net>



Wed Aug 15 21:17:20 2007: Got mail
Received: from yves by localhost with local (Exim 4.50)
	id 1G17uk-0003eY-55
	for goat@rutschle.net; Thu, 13 Jul 2006 22:36:02 +0200
Date: Thu, 13 Jul 2006 22:36:01 +0200
To: goat@rutschle.net
Subject: resultat blanc
Message-ID: <20060713203601.GD841@naryves.com>
Mime-Version: 1.0
Content-Type: text/plain; charset=us-ascii
Content-Disposition: inline
User-Agent: Mutt/1.5.9i
From: Yves <Yves@Rutschle.Net>



Wed Aug 15 21:17:55 2007: Got mail
Received: from yves by localhost with local (Exim 4.50)
	id 1G17uk-0003eY-55
	for goat@rutschle.net; Thu, 13 Jul 2006 22:36:02 +0200
Date: Thu, 13 Jul 2006 22:36:01 +0200
To: goat@rutschle.net
Subject: resultat blanc
Message-ID: <20060713203601.GD841@naryves.com>
Mime-Version: 1.0
X-Loop: GO Assistant <goat@rutschle.net>
Content-Type: text/plain; charset=us-ascii
Content-Disposition: inline
User-Agent: Mutt/1.5.9i
From: Yves <yves@rutschle.net>



Wed Aug 15 21:17:55 2007: Loop detected -- dropping mail
Wed Aug 15 21:18:04 2007: Got mail
Received: from baudot.cnes.fr ([132.149.22.11])
	by localhost with esmtp (Exim 4.50)
	id 1GjG5j-00062i-Lj
	for goat@naryves.com; Sun, 12 Nov 2006 15:13:47 +0100
Received: from cnes.fr by baudot.cnes.fr id kACEDDv21203;
	Sun, 12 Nov 2006 15:13:13 +0100 (MET)
From: postmaster@EXCHANGE.CST.CNES.FR
To: goat@naryves.com
Date: Sun, 12 Nov 2006 15:13:11 +0100
MIME-Version: 1.0
Content-Type: multipart/report; report-type=delivery-status;
	boundary="9B095B5ADSN=_01C653E2B1A3B03B00274F5Ccst?xch?003.cnes"
X-DSNContext: 7ce717b1 - 1158 - 00000002 - 00000000
Message-Id: <200611121413.kACEDDv21203@cnes.fr>
Subject: Delivery Status Notification (Failure)
X-OriginalArrivalTime: 12 Nov 2006 14:13:11.0899 (UTC) FILETIME=[AFC862B0:01C70664]
X-Loop-Check:  

This is a MIME-formatted message.  
Portions of this message may be unreadable without a MIME-capable mail program.

--9B095B5ADSN=_01C653E2B1A3B03B00274F5Ccst?xch?003.cnes
Content-Type: text/plain; charset=unicode-1-1-utf-7

This is an automatically generated Delivery Status Notification.

Delivery to the following recipients failed.

       Frederic.Cagnazzo@EXCHANGE.CST.CNES.FR




--9B095B5ADSN=_01C653E2B1A3B03B00274F5Ccst?xch?003.cnes
Content-Type: message/delivery-status

Reporting-MTA: dns;cst-xch-003.cnesnet.ad.cnes.fr
Received-From-MTA: dns;cst-com-001.cnesnet.ad.cnes.fr
Arrival-Date: Sun, 12 Nov 2006 15:13:11 +0100

Final-Recipient: rfc822;Frederic.Cagnazzo@EXCHANGE.CST.CNES.FR
Action: failed
Status: 5.2.2
X-Display-Name: Cagnazzo Frederic


--9B095B5ADSN=_01C653E2B1A3B03B00274F5Ccst?xch?003.cnes
Content-Type: message/rfc822

Received: from cst-com-001.cnesnet.ad.cnes.fr ([132.149.46.194]) by cst-xch-003.cnesnet.ad.cnes.fr with Microsoft SMTPSVC(6.0.3790.211);
	 Sun, 12 Nov 2006 15:13:11 +0100
Received: from mailhub-2.cnes.fr ([132.149.22.21]) by cst-com-001.cnesnet.ad.cnes.fr with Microsoft SMTPSVC(6.0.3790.211);
	 Sun, 12 Nov 2006 15:13:11 +0100
Received: from koch.cnes.fr (koch.cnes.fr [132.149.22.12])
	by mailhub-2.cnes.fr (Postfix) with ESMTP id 9B9FD17C13D
	for <Frederic.Cagnazzo@cnes.fr>; Sun, 12 Nov 2006 15:13:11 +0100 (CET)
Received: from bart.cnes.fr (unverified [132.149.22.7]) by koch.cnes.fr
 (Content Technologies SMTPRS 4.3.20) with ESMTP id <T7be920958b8495160c3374@koch.cnes.fr> for <Frederic.Cagnazzo@cnes.fr>;
 Sun, 12 Nov 2006 15:10:04 +0100
Received: by bart.cnes.fr (Postfix, from userid 73)
	id 1CC9A7B845; Sun, 12 Nov 2006 14:13:11 +0000 (GMT)
Received: from baudot.cnes.fr (baudot.cnes.fr [132.149.22.11])
	by bart.cnes.fr (Postfix) with ESMTP id AE65D7B843
	for <Frederic.Cagnazzo@cnes.fr>; Sun, 12 Nov 2006 14:13:10 +0000 (GMT)
Received: from smtp5-g19.free.fr (smtp5-g19.free.fr [212.27.42.35])
	by baudot.cnes.fr (8.11.7/8.11.7) with ESMTP id kACEDAv21178
	for <Frederic.Cagnazzo@cnes.fr>; Sun, 12 Nov 2006 15:13:10 +0100 (MET)
Received: from localhost (bon31-1-81-56-87-71.fbx.proxad.net [81.56.87.71])
	by smtp5-g19.free.fr (Postfix) with ESMTP id 41DAD27AA2;
	Sun, 12 Nov 2006 15:13:10 +0100 (CET)
Received: from goat by localhost with local (Exim 4.50)
	id 1GjG5A-000621-89; Sun, 12 Nov 2006 15:13:12 +0100
X-Loop: GO Assistant <goat@rutschle.net>
Subject: [goat] Votre appariement
To: FrÃƒÂ©dÃƒÂ©ric CAGNAZZO <Frederic.Cagnazzo@cnes.fr>,
	Thomas DUFOUR <naptod@free.fr>
From: GO Assistant <goat@rutschle.net>
Message-Id: <E1GjG5A-000621-89@localhost>
Date: Sun, 12 Nov 2006 15:13:12 +0100
X-Spam-Checker-Version: SpamAssassin 3.0.4 (2005-06-05) on bart.cnes.fr
X-Spam-Level: 
X-Spam-Status: No, score=-2.6 required=5.0 tests=BAYES_00 bayes=0.0000 
	autolearn=ham version=_VER
Return-Path: goat@naryves.com
X-OriginalArrivalTime: 12 Nov 2006 14:13:11.0556 (UTC) FILETIME=[AF940C40:01C70664]
MIME-Version: 1.0
Content-Transfer-Encoding: quoted-printable
X-MIME-Autoconverted: from 8bit to quoted-printable by baudot.cnes.fr id kACEDDv21203

Vous avez re=E7u ce courrier car vous =EAtes inscrit au tournoi
permanent de Toulouse. Si vous avez re=E7u ce mail par erreur,
merci de contacter Yves Rutschle <go@rutschle.net>


Voici votre appariement pour la prochaine ronde :

Noir: Thomas DUFOUR <naptod@free.fr>
Blanc: Fr=C3=A9d=C3=A9ric CAGNAZZO <Frederic.Cagnazzo@cnes.fr>
Handicap: 0

Merci de r=E9pondre =E0 ce courrier d=E8s que vous aurez arrang=E9 la
rencontre, en remplissant le sujet de votre r=E9ponse de la
fa=E7on suivante :

rendezvous <date>, <lieu>

Par exemple:

rendezvous 12 mars, Cool =E0 Flo



--9B095B5ADSN=_01C653E2B1A3B03B00274F5Ccst?xch?003.cnes--


Wed Aug 15 21:18:04 2007: mail from postmaster -- dropping

Wed Aug 15 21:18:12 2007: Got mail
Received: from yves by localhost with local (Exim 4.50)
	id 1G17uk-0003eY-55
	for goat@rutschle.net; Thu, 13 Jul 2006 22:36:02 +0200
Date: Thu, 13 Jul 2006 22:36:01 +0200
To: goat@rutschle.net
Subject: resultat blanc
Message-ID: <20060713203601.GD841@naryves.com>
Mime-Version: 1.0
Content-Type: text/plain; charset=us-ascii
Content-Disposition: inline
User-Agent: Mutt/1.5.9i



Wed Aug 15 21:18:12 2007: Illegal sender
Wed Aug 15 21:18:20 2007: Got mail
Received: from yves by localhost with local (Exim 4.50)
	id 1G17uk-0003eY-55
	for goat@rutschle.net; Thu, 13 Jul 2006 22:36:02 +0200
Date: Thu, 13 Jul 2006 22:36:01 +0200
To: goat@rutschle.net
Subject: =?iso-8859-1?Q?rendezvous_13_d=E9cembre_2005_21:00=2C_Cool?=
Message-ID: <20060713203601.GD841@naryves.com>
Mime-Version: 1.0
Content-Type: text/plain; charset=us-ascii
Content-Disposition: inline
User-Agent: Mutt/1.5.9i
From: Yves <yves@rutschle.net>



Wed Aug 15 21:18:46 2007: Got mail
Received: from yves by localhost with local (Exim 4.50)
	id 1G17uk-0003eY-55
	for goat@rutschle.net; Thu, 13 Jul 2006 22:36:02 +0200
Date: Thu, 13 Jul 2006 22:36:01 +0200
To: goat@rutschle.net
Subject: n'importe quoi
Message-ID: <20060713203601.GD841@naryves.com>
Mime-Version: 1.0
Content-Type: text/plain; charset=us-ascii
Content-Disposition: inline
User-Agent: Mutt/1.5.9i
From: Yves <yves@rutschle.net>

rdv 13 déc 2005 21:00, Cool

Wed Aug 15 21:19:24 2007: Got mail
Received: from yves by localhost with local (Exim 4.50)
	id 1G17uk-0003eY-55
	for goat@rutschle.net; Thu, 13 Jul 2006 22:36:02 +0200
Date: Thu, 13 Jul 2006 22:36:01 +0200
To: goat@rutschle.net
Subject: rdb: 12 aou 2006 17:00, Club Go
Message-ID: <20060713203601.GD841@naryves.com>
Mime-Version: 1.0
Content-Type: text/plain; charset=us-ascii
Content-Disposition: inline
User-Agent: Mutt/1.5.9i
From: Yves <yves@rutschle.net>



Wed Aug 15 21:19:24 2007: No command found, bouncing mail
Wed Aug 15 21:26:10 2007: Got mail
Received: from yves by localhost with local (Exim 4.50)
	id 1G17uk-0003eY-55
	for goat@rutschle.net; Thu, 13 Jul 2006 22:36:02 +0200
Date: Thu, 13 Jul 2006 22:36:01 +0200
To: goat@rutschle.net
Subject: resultat blan
Message-ID: <20060713203601.GD841@naryves.com>
Mime-Version: 1.0
Content-Type: text/plain; charset=us-ascii
Content-Disposition: inline
User-Agent: Mutt/1.5.9i
From: Yves <yves@rutschle.net>



Wed Aug 15 21:26:33 2007: Got mail
Received: from yves by localhost with local (Exim 4.50)
	id 1G17uk-0003eY-55
	for goat@rutschle.net; Thu, 13 Jul 2006 22:36:02 +0200
Date: Thu, 13 Jul 2006 22:36:01 +0200
To: goat@rutschle.net
Subject: rdv 30 juillet 2005 17:73, Club Go Toulouse
Message-ID: <20060713203601.GD841@naryves.com>
Mime-Version: 1.0
Content-Type: text/plain; charset=us-ascii
Content-Disposition: inline
User-Agent: Mutt/1.5.9i
From: Yves <yves@rutschle.net>



Wed Aug 15 21:26:54 2007: Got mail
Received: from yves by localhost with local (Exim 4.50)
	id 1G17uk-0003eY-55
	for goat@rutschle.net; Thu, 13 Jul 2006 22:36:02 +0200
Date: Thu, 13 Jul 2006 22:36:01 +0200
To: goat@rutschle.net
Subject: rdv 30 juillet 2005 17:73, Club Go Toulouse
Message-ID: <20060713203601.GD841@naryves.com>
Mime-Version: 1.0
Content-Type: text/plain; charset=us-ascii
Content-Disposition: inline
User-Agent: Mutt/1.5.9i
From: Eve <eve@rutschle.net>



Wed Aug 15 21:27:22 2007: Got mail
Received: from yves by localhost with local (Exim 4.50)
	id 1G17uk-0003eY-55
	for goat@rutschle.net; Thu, 13 Jul 2006 22:36:02 +0200
Date: Thu, 13 Jul 2006 22:36:01 +0200
To: goat@rutschle.net
Subject: rdv 21 juillet 2005 17:33, Club Go Toulouse
Message-ID: <20060713203601.GD841@naryves.com>
Mime-Version: 1.0
Content-Type: text/plain; charset=us-ascii
Content-Disposition: inline
User-Agent: Mutt/1.5.9i
From: Yves <yves@rutschle.net>



Wed Aug 15 21:27:50 2007: Got mail
Received: from yves by localhost with local (Exim 4.50)
	id 1G17uk-0003eY-55
	for goat@rutschle.net; Thu, 13 Jul 2006 22:36:02 +0200
Date: Thu, 13 Jul 2006 22:36:01 +0200
To: goat@rutschle.net
Subject: resultat blanc
Message-ID: <20060713203601.GD841@naryves.com>
Mime-Version: 1.0
Content-Type: text/plain; charset=us-ascii
Content-Disposition: inline
User-Agent: Mutt/1.5.9i
From: Yves <Yves@Rutschle.Net>



Wed Aug 15 21:28:29 2007: Got mail
Received: from yves by localhost with local (Exim 4.50)
	id 1G17uk-0003eY-55
	for goat@rutschle.net; Thu, 13 Jul 2006 22:36:02 +0200
Date: Thu, 13 Jul 2006 22:36:01 +0200
To: goat@rutschle.net
Subject: resultat blanc
Message-ID: <20060713203601.GD841@naryves.com>
Mime-Version: 1.0
X-Loop: GO Assistant <goat@rutschle.net>
Content-Type: text/plain; charset=us-ascii
Content-Disposition: inline
User-Agent: Mutt/1.5.9i
From: Yves <yves@rutschle.net>



Wed Aug 15 21:28:29 2007: Loop detected -- dropping mail
Wed Aug 15 21:28:39 2007: Got mail
Received: from baudot.cnes.fr ([132.149.22.11])
	by localhost with esmtp (Exim 4.50)
	id 1GjG5j-00062i-Lj
	for goat@naryves.com; Sun, 12 Nov 2006 15:13:47 +0100
Received: from cnes.fr by baudot.cnes.fr id kACEDDv21203;
	Sun, 12 Nov 2006 15:13:13 +0100 (MET)
From: postmaster@EXCHANGE.CST.CNES.FR
To: goat@naryves.com
Date: Sun, 12 Nov 2006 15:13:11 +0100
MIME-Version: 1.0
Content-Type: multipart/report; report-type=delivery-status;
	boundary="9B095B5ADSN=_01C653E2B1A3B03B00274F5Ccst?xch?003.cnes"
X-DSNContext: 7ce717b1 - 1158 - 00000002 - 00000000
Message-Id: <200611121413.kACEDDv21203@cnes.fr>
Subject: Delivery Status Notification (Failure)
X-OriginalArrivalTime: 12 Nov 2006 14:13:11.0899 (UTC) FILETIME=[AFC862B0:01C70664]
X-Loop-Check:  

This is a MIME-formatted message.  
Portions of this message may be unreadable without a MIME-capable mail program.

--9B095B5ADSN=_01C653E2B1A3B03B00274F5Ccst?xch?003.cnes
Content-Type: text/plain; charset=unicode-1-1-utf-7

This is an automatically generated Delivery Status Notification.

Delivery to the following recipients failed.

       Frederic.Cagnazzo@EXCHANGE.CST.CNES.FR




--9B095B5ADSN=_01C653E2B1A3B03B00274F5Ccst?xch?003.cnes
Content-Type: message/delivery-status

Reporting-MTA: dns;cst-xch-003.cnesnet.ad.cnes.fr
Received-From-MTA: dns;cst-com-001.cnesnet.ad.cnes.fr
Arrival-Date: Sun, 12 Nov 2006 15:13:11 +0100

Final-Recipient: rfc822;Frederic.Cagnazzo@EXCHANGE.CST.CNES.FR
Action: failed
Status: 5.2.2
X-Display-Name: Cagnazzo Frederic


--9B095B5ADSN=_01C653E2B1A3B03B00274F5Ccst?xch?003.cnes
Content-Type: message/rfc822

Received: from cst-com-001.cnesnet.ad.cnes.fr ([132.149.46.194]) by cst-xch-003.cnesnet.ad.cnes.fr with Microsoft SMTPSVC(6.0.3790.211);
	 Sun, 12 Nov 2006 15:13:11 +0100
Received: from mailhub-2.cnes.fr ([132.149.22.21]) by cst-com-001.cnesnet.ad.cnes.fr with Microsoft SMTPSVC(6.0.3790.211);
	 Sun, 12 Nov 2006 15:13:11 +0100
Received: from koch.cnes.fr (koch.cnes.fr [132.149.22.12])
	by mailhub-2.cnes.fr (Postfix) with ESMTP id 9B9FD17C13D
	for <Frederic.Cagnazzo@cnes.fr>; Sun, 12 Nov 2006 15:13:11 +0100 (CET)
Received: from bart.cnes.fr (unverified [132.149.22.7]) by koch.cnes.fr
 (Content Technologies SMTPRS 4.3.20) with ESMTP id <T7be920958b8495160c3374@koch.cnes.fr> for <Frederic.Cagnazzo@cnes.fr>;
 Sun, 12 Nov 2006 15:10:04 +0100
Received: by bart.cnes.fr (Postfix, from userid 73)
	id 1CC9A7B845; Sun, 12 Nov 2006 14:13:11 +0000 (GMT)
Received: from baudot.cnes.fr (baudot.cnes.fr [132.149.22.11])
	by bart.cnes.fr (Postfix) with ESMTP id AE65D7B843
	for <Frederic.Cagnazzo@cnes.fr>; Sun, 12 Nov 2006 14:13:10 +0000 (GMT)
Received: from smtp5-g19.free.fr (smtp5-g19.free.fr [212.27.42.35])
	by baudot.cnes.fr (8.11.7/8.11.7) with ESMTP id kACEDAv21178
	for <Frederic.Cagnazzo@cnes.fr>; Sun, 12 Nov 2006 15:13:10 +0100 (MET)
Received: from localhost (bon31-1-81-56-87-71.fbx.proxad.net [81.56.87.71])
	by smtp5-g19.free.fr (Postfix) with ESMTP id 41DAD27AA2;
	Sun, 12 Nov 2006 15:13:10 +0100 (CET)
Received: from goat by localhost with local (Exim 4.50)
	id 1GjG5A-000621-89; Sun, 12 Nov 2006 15:13:12 +0100
X-Loop: GO Assistant <goat@rutschle.net>
Subject: [goat] Votre appariement
To: FrÃƒÂ©dÃƒÂ©ric CAGNAZZO <Frederic.Cagnazzo@cnes.fr>,
	Thomas DUFOUR <naptod@free.fr>
From: GO Assistant <goat@rutschle.net>
Message-Id: <E1GjG5A-000621-89@localhost>
Date: Sun, 12 Nov 2006 15:13:12 +0100
X-Spam-Checker-Version: SpamAssassin 3.0.4 (2005-06-05) on bart.cnes.fr
X-Spam-Level: 
X-Spam-Status: No, score=-2.6 required=5.0 tests=BAYES_00 bayes=0.0000 
	autolearn=ham version=_VER
Return-Path: goat@naryves.com
X-OriginalArrivalTime: 12 Nov 2006 14:13:11.0556 (UTC) FILETIME=[AF940C40:01C70664]
MIME-Version: 1.0
Content-Transfer-Encoding: quoted-printable
X-MIME-Autoconverted: from 8bit to quoted-printable by baudot.cnes.fr id kACEDDv21203

Vous avez re=E7u ce courrier car vous =EAtes inscrit au tournoi
permanent de Toulouse. Si vous avez re=E7u ce mail par erreur,
merci de contacter Yves Rutschle <go@rutschle.net>


Voici votre appariement pour la prochaine ronde :

Noir: Thomas DUFOUR <naptod@free.fr>
Blanc: Fr=C3=A9d=C3=A9ric CAGNAZZO <Frederic.Cagnazzo@cnes.fr>
Handicap: 0

Merci de r=E9pondre =E0 ce courrier d=E8s que vous aurez arrang=E9 la
rencontre, en remplissant le sujet de votre r=E9ponse de la
fa=E7on suivante :

rendezvous <date>, <lieu>

Par exemple:

rendezvous 12 mars, Cool =E0 Flo



--9B095B5ADSN=_01C653E2B1A3B03B00274F5Ccst?xch?003.cnes--


Wed Aug 15 21:28:39 2007: mail from postmaster -- dropping

Wed Aug 15 21:28:48 2007: Got mail
Received: from yves by localhost with local (Exim 4.50)
	id 1G17uk-0003eY-55
	for goat@rutschle.net; Thu, 13 Jul 2006 22:36:02 +0200
Date: Thu, 13 Jul 2006 22:36:01 +0200
To: goat@rutschle.net
Subject: resultat blanc
Message-ID: <20060713203601.GD841@naryves.com>
Mime-Version: 1.0
Content-Type: text/plain; charset=us-ascii
Content-Disposition: inline
User-Agent: Mutt/1.5.9i



Wed Aug 15 21:28:48 2007: Illegal sender
Wed Aug 15 21:28:56 2007: Got mail
Received: from yves by localhost with local (Exim 4.50)
	id 1G17uk-0003eY-55
	for goat@rutschle.net; Thu, 13 Jul 2006 22:36:02 +0200
Date: Thu, 13 Jul 2006 22:36:01 +0200
To: goat@rutschle.net
Subject: =?iso-8859-1?Q?rendezvous_13_d=E9cembre_2005_21:00=2C_Cool?=
Message-ID: <20060713203601.GD841@naryves.com>
Mime-Version: 1.0
Content-Type: text/plain; charset=us-ascii
Content-Disposition: inline
User-Agent: Mutt/1.5.9i
From: Yves <yves@rutschle.net>



Wed Aug 15 21:29:25 2007: Got mail
Received: from yves by localhost with local (Exim 4.50)
	id 1G17uk-0003eY-55
	for goat@rutschle.net; Thu, 13 Jul 2006 22:36:02 +0200
Date: Thu, 13 Jul 2006 22:36:01 +0200
To: goat@rutschle.net
Subject: n'importe quoi
Message-ID: <20060713203601.GD841@naryves.com>
Mime-Version: 1.0
Content-Type: text/plain; charset=us-ascii
Content-Disposition: inline
User-Agent: Mutt/1.5.9i
From: Yves <yves@rutschle.net>

rdv 13 déc 2005 21:00, Cool

Wed Aug 15 21:30:10 2007: Got mail
Received: from yves by localhost with local (Exim 4.50)
	id 1G17uk-0003eY-55
	for goat@rutschle.net; Thu, 13 Jul 2006 22:36:02 +0200
Date: Thu, 13 Jul 2006 22:36:01 +0200
To: goat@rutschle.net
Subject: rdb: 12 aou 2006 17:00, Club Go
Message-ID: <20060713203601.GD841@naryves.com>
Mime-Version: 1.0
Content-Type: text/plain; charset=us-ascii
Content-Disposition: inline
User-Agent: Mutt/1.5.9i
From: Yves <yves@rutschle.net>



Wed Aug 15 21:30:10 2007: No command found, bouncing mail
Wed Aug 15 21:38:04 2007: Got mail
Received: from yves by localhost with local (Exim 4.50)
	id 1G17uk-0003eY-55
	for goat@rutschle.net; Thu, 13 Jul 2006 22:36:02 +0200
Date: Thu, 13 Jul 2006 22:36:01 +0200
To: goat@rutschle.net
Subject: resultat blan
Message-ID: <20060713203601.GD841@naryves.com>
Mime-Version: 1.0
Content-Type: text/plain; charset=us-ascii
Content-Disposition: inline
User-Agent: Mutt/1.5.9i
From: Yves <yves@rutschle.net>



Wed Aug 15 21:38:45 2007: Got mail
Received: from yves by localhost with local (Exim 4.50)
	id 1G17uk-0003eY-55
	for goat@rutschle.net; Thu, 13 Jul 2006 22:36:02 +0200
Date: Thu, 13 Jul 2006 22:36:01 +0200
To: goat@rutschle.net
Subject: resultat blan
Message-ID: <20060713203601.GD841@naryves.com>
Mime-Version: 1.0
Content-Type: text/plain; charset=us-ascii
Content-Disposition: inline
User-Agent: Mutt/1.5.9i
From: Yves <yves@rutschle.net>



Wed Aug 15 21:39:37 2007: Got mail
Received: from yves by localhost with local (Exim 4.50)
	id 1G17uk-0003eY-55
	for goat@rutschle.net; Thu, 13 Jul 2006 22:36:02 +0200
Date: Thu, 13 Jul 2006 22:36:01 +0200
To: goat@rutschle.net
Subject: resultat blan
Message-ID: <20060713203601.GD841@naryves.com>
Mime-Version: 1.0
Content-Type: text/plain; charset=us-ascii
Content-Disposition: inline
User-Agent: Mutt/1.5.9i
From: Yves <yves@rutschle.net>



Wed Aug 15 21:40:09 2007: Got mail
Received: from yves by localhost with local (Exim 4.50)
	id 1G17uk-0003eY-55
	for goat@rutschle.net; Thu, 13 Jul 2006 22:36:02 +0200
Date: Thu, 13 Jul 2006 22:36:01 +0200
To: goat@rutschle.net
Subject: resultat blan
Message-ID: <20060713203601.GD841@naryves.com>
Mime-Version: 1.0
Content-Type: text/plain; charset=us-ascii
Content-Disposition: inline
User-Agent: Mutt/1.5.9i
From: Yves <yves@rutschle.net>



Wed Aug 15 21:40:26 2007: Got mail
Received: from yves by localhost with local (Exim 4.50)
	id 1G17uk-0003eY-55
	for goat@rutschle.net; Thu, 13 Jul 2006 22:36:02 +0200
Date: Thu, 13 Jul 2006 22:36:01 +0200
To: goat@rutschle.net
Subject: rdv 30 juillet 2005 17:73, Club Go Toulouse
Message-ID: <20060713203601.GD841@naryves.com>
Mime-Version: 1.0
Content-Type: text/plain; charset=us-ascii
Content-Disposition: inline
User-Agent: Mutt/1.5.9i
From: Yves <yves@rutschle.net>



Wed Aug 15 21:40:51 2007: Got mail
Received: from yves by localhost with local (Exim 4.50)
	id 1G17uk-0003eY-55
	for goat@rutschle.net; Thu, 13 Jul 2006 22:36:02 +0200
Date: Thu, 13 Jul 2006 22:36:01 +0200
To: goat@rutschle.net
Subject: rdv 30 juillet 2005 17:73, Club Go Toulouse
Message-ID: <20060713203601.GD841@naryves.com>
Mime-Version: 1.0
Content-Type: text/plain; charset=us-ascii
Content-Disposition: inline
User-Agent: Mutt/1.5.9i
From: Eve <eve@rutschle.net>



Wed Aug 15 21:41:16 2007: Got mail
Received: from yves by localhost with local (Exim 4.50)
	id 1G17uk-0003eY-55
	for goat@rutschle.net; Thu, 13 Jul 2006 22:36:02 +0200
Date: Thu, 13 Jul 2006 22:36:01 +0200
To: goat@rutschle.net
Subject: rdv 21 juillet 2005 17:33, Club Go Toulouse
Message-ID: <20060713203601.GD841@naryves.com>
Mime-Version: 1.0
Content-Type: text/plain; charset=us-ascii
Content-Disposition: inline
User-Agent: Mutt/1.5.9i
From: Yves <yves@rutschle.net>



Wed Aug 15 21:41:32 2007: Got mail
Received: from yves by localhost with local (Exim 4.50)
	id 1G17uk-0003eY-55
	for goat@rutschle.net; Thu, 13 Jul 2006 22:36:02 +0200
Date: Thu, 13 Jul 2006 22:36:01 +0200
To: goat@rutschle.net
Subject: resultat blanc
Message-ID: <20060713203601.GD841@naryves.com>
Mime-Version: 1.0
Content-Type: text/plain; charset=us-ascii
Content-Disposition: inline
User-Agent: Mutt/1.5.9i
From: Yves <Yves@Rutschle.Net>



Wed Aug 15 21:50:28 2007: Got mail
Received: from yves by localhost with local (Exim 4.50)
	id 1G17uk-0003eY-55
	for goat@rutschle.net; Thu, 13 Jul 2006 22:36:02 +0200
Date: Thu, 13 Jul 2006 22:36:01 +0200
To: goat@rutschle.net
Subject: resultat blanc
Message-ID: <20060713203601.GD841@naryves.com>
Mime-Version: 1.0
X-Loop: GO Assistant <goat@rutschle.net>
Content-Type: text/plain; charset=us-ascii
Content-Disposition: inline
User-Agent: Mutt/1.5.9i
From: Yves <yves@rutschle.net>



Wed Aug 15 21:50:28 2007: Loop detected -- dropping mail
Wed Aug 15 21:53:35 2007: Got mail
Received: from yves by localhost with local (Exim 4.50)
	id 1G17uk-0003eY-55
	for goat@rutschle.net; Thu, 13 Jul 2006 22:36:02 +0200
Date: Thu, 13 Jul 2006 22:36:01 +0200
To: goat@rutschle.net
Subject: resultat blan
Message-ID: <20060713203601.GD841@naryves.com>
Mime-Version: 1.0
Content-Type: text/plain; charset=us-ascii
Content-Disposition: inline
User-Agent: Mutt/1.5.9i
From: Yves <yves@rutschle.net>



Wed Aug 15 21:53:50 2007: Got mail
Received: from yves by localhost with local (Exim 4.50)
	id 1G17uk-0003eY-55
	for goat@rutschle.net; Thu, 13 Jul 2006 22:36:02 +0200
Date: Thu, 13 Jul 2006 22:36:01 +0200
To: goat@rutschle.net
Subject: rdv 30 juillet 2005 17:73, Club Go Toulouse
Message-ID: <20060713203601.GD841@naryves.com>
Mime-Version: 1.0
Content-Type: text/plain; charset=us-ascii
Content-Disposition: inline
User-Agent: Mutt/1.5.9i
From: Yves <yves@rutschle.net>



Wed Aug 15 21:54:05 2007: Got mail
Received: from yves by localhost with local (Exim 4.50)
	id 1G17uk-0003eY-55
	for goat@rutschle.net; Thu, 13 Jul 2006 22:36:02 +0200
Date: Thu, 13 Jul 2006 22:36:01 +0200
To: goat@rutschle.net
Subject: rdv 30 juillet 2005 17:73, Club Go Toulouse
Message-ID: <20060713203601.GD841@naryves.com>
Mime-Version: 1.0
Content-Type: text/plain; charset=us-ascii
Content-Disposition: inline
User-Agent: Mutt/1.5.9i
From: Eve <eve@rutschle.net>



Wed Aug 15 21:54:19 2007: Got mail
Received: from yves by localhost with local (Exim 4.50)
	id 1G17uk-0003eY-55
	for goat@rutschle.net; Thu, 13 Jul 2006 22:36:02 +0200
Date: Thu, 13 Jul 2006 22:36:01 +0200
To: goat@rutschle.net
Subject: rdv 21 juillet 2005 17:33, Club Go Toulouse
Message-ID: <20060713203601.GD841@naryves.com>
Mime-Version: 1.0
Content-Type: text/plain; charset=us-ascii
Content-Disposition: inline
User-Agent: Mutt/1.5.9i
From: Yves <yves@rutschle.net>



Wed Aug 15 21:54:32 2007: Got mail
Received: from yves by localhost with local (Exim 4.50)
	id 1G17uk-0003eY-55
	for goat@rutschle.net; Thu, 13 Jul 2006 22:36:02 +0200
Date: Thu, 13 Jul 2006 22:36:01 +0200
To: goat@rutschle.net
Subject: resultat blanc
Message-ID: <20060713203601.GD841@naryves.com>
Mime-Version: 1.0
Content-Type: text/plain; charset=us-ascii
Content-Disposition: inline
User-Agent: Mutt/1.5.9i
From: Yves <Yves@Rutschle.Net>



Wed Aug 15 21:54:46 2007: Got mail
Received: from yves by localhost with local (Exim 4.50)
	id 1G17uk-0003eY-55
	for goat@rutschle.net; Thu, 13 Jul 2006 22:36:02 +0200
Date: Thu, 13 Jul 2006 22:36:01 +0200
To: goat@rutschle.net
Subject: resultat blanc
Message-ID: <20060713203601.GD841@naryves.com>
Mime-Version: 1.0
X-Loop: GO Assistant <goat@rutschle.net>
Content-Type: text/plain; charset=us-ascii
Content-Disposition: inline
User-Agent: Mutt/1.5.9i
From: Yves <yves@rutschle.net>



Wed Aug 15 21:54:46 2007: Loop detected -- dropping mail
Wed Aug 15 21:54:47 2007: Got mail
Received: from baudot.cnes.fr ([132.149.22.11])
	by localhost with esmtp (Exim 4.50)
	id 1GjG5j-00062i-Lj
	for goat@naryves.com; Sun, 12 Nov 2006 15:13:47 +0100
Received: from cnes.fr by baudot.cnes.fr id kACEDDv21203;
	Sun, 12 Nov 2006 15:13:13 +0100 (MET)
From: postmaster@EXCHANGE.CST.CNES.FR
To: goat@naryves.com
Date: Sun, 12 Nov 2006 15:13:11 +0100
MIME-Version: 1.0
Content-Type: multipart/report; report-type=delivery-status;
	boundary="9B095B5ADSN=_01C653E2B1A3B03B00274F5Ccst?xch?003.cnes"
X-DSNContext: 7ce717b1 - 1158 - 00000002 - 00000000
Message-Id: <200611121413.kACEDDv21203@cnes.fr>
Subject: Delivery Status Notification (Failure)
X-OriginalArrivalTime: 12 Nov 2006 14:13:11.0899 (UTC) FILETIME=[AFC862B0:01C70664]
X-Loop-Check:  

This is a MIME-formatted message.  
Portions of this message may be unreadable without a MIME-capable mail program.

--9B095B5ADSN=_01C653E2B1A3B03B00274F5Ccst?xch?003.cnes
Content-Type: text/plain; charset=unicode-1-1-utf-7

This is an automatically generated Delivery Status Notification.

Delivery to the following recipients failed.

       Frederic.Cagnazzo@EXCHANGE.CST.CNES.FR




--9B095B5ADSN=_01C653E2B1A3B03B00274F5Ccst?xch?003.cnes
Content-Type: message/delivery-status

Reporting-MTA: dns;cst-xch-003.cnesnet.ad.cnes.fr
Received-From-MTA: dns;cst-com-001.cnesnet.ad.cnes.fr
Arrival-Date: Sun, 12 Nov 2006 15:13:11 +0100

Final-Recipient: rfc822;Frederic.Cagnazzo@EXCHANGE.CST.CNES.FR
Action: failed
Status: 5.2.2
X-Display-Name: Cagnazzo Frederic


--9B095B5ADSN=_01C653E2B1A3B03B00274F5Ccst?xch?003.cnes
Content-Type: message/rfc822

Received: from cst-com-001.cnesnet.ad.cnes.fr ([132.149.46.194]) by cst-xch-003.cnesnet.ad.cnes.fr with Microsoft SMTPSVC(6.0.3790.211);
	 Sun, 12 Nov 2006 15:13:11 +0100
Received: from mailhub-2.cnes.fr ([132.149.22.21]) by cst-com-001.cnesnet.ad.cnes.fr with Microsoft SMTPSVC(6.0.3790.211);
	 Sun, 12 Nov 2006 15:13:11 +0100
Received: from koch.cnes.fr (koch.cnes.fr [132.149.22.12])
	by mailhub-2.cnes.fr (Postfix) with ESMTP id 9B9FD17C13D
	for <Frederic.Cagnazzo@cnes.fr>; Sun, 12 Nov 2006 15:13:11 +0100 (CET)
Received: from bart.cnes.fr (unverified [132.149.22.7]) by koch.cnes.fr
 (Content Technologies SMTPRS 4.3.20) with ESMTP id <T7be920958b8495160c3374@koch.cnes.fr> for <Frederic.Cagnazzo@cnes.fr>;
 Sun, 12 Nov 2006 15:10:04 +0100
Received: by bart.cnes.fr (Postfix, from userid 73)
	id 1CC9A7B845; Sun, 12 Nov 2006 14:13:11 +0000 (GMT)
Received: from baudot.cnes.fr (baudot.cnes.fr [132.149.22.11])
	by bart.cnes.fr (Postfix) with ESMTP id AE65D7B843
	for <Frederic.Cagnazzo@cnes.fr>; Sun, 12 Nov 2006 14:13:10 +0000 (GMT)
Received: from smtp5-g19.free.fr (smtp5-g19.free.fr [212.27.42.35])
	by baudot.cnes.fr (8.11.7/8.11.7) with ESMTP id kACEDAv21178
	for <Frederic.Cagnazzo@cnes.fr>; Sun, 12 Nov 2006 15:13:10 +0100 (MET)
Received: from localhost (bon31-1-81-56-87-71.fbx.proxad.net [81.56.87.71])
	by smtp5-g19.free.fr (Postfix) with ESMTP id 41DAD27AA2;
	Sun, 12 Nov 2006 15:13:10 +0100 (CET)
Received: from goat by localhost with local (Exim 4.50)
	id 1GjG5A-000621-89; Sun, 12 Nov 2006 15:13:12 +0100
X-Loop: GO Assistant <goat@rutschle.net>
Subject: [goat] Votre appariement
To: FrÃƒÂ©dÃƒÂ©ric CAGNAZZO <Frederic.Cagnazzo@cnes.fr>,
	Thomas DUFOUR <naptod@free.fr>
From: GO Assistant <goat@rutschle.net>
Message-Id: <E1GjG5A-000621-89@localhost>
Date: Sun, 12 Nov 2006 15:13:12 +0100
X-Spam-Checker-Version: SpamAssassin 3.0.4 (2005-06-05) on bart.cnes.fr
X-Spam-Level: 
X-Spam-Status: No, score=-2.6 required=5.0 tests=BAYES_00 bayes=0.0000 
	autolearn=ham version=_VER
Return-Path: goat@naryves.com
X-OriginalArrivalTime: 12 Nov 2006 14:13:11.0556 (UTC) FILETIME=[AF940C40:01C70664]
MIME-Version: 1.0
Content-Transfer-Encoding: quoted-printable
X-MIME-Autoconverted: from 8bit to quoted-printable by baudot.cnes.fr id kACEDDv21203

Vous avez re=E7u ce courrier car vous =EAtes inscrit au tournoi
permanent de Toulouse. Si vous avez re=E7u ce mail par erreur,
merci de contacter Yves Rutschle <go@rutschle.net>


Voici votre appariement pour la prochaine ronde :

Noir: Thomas DUFOUR <naptod@free.fr>
Blanc: Fr=C3=A9d=C3=A9ric CAGNAZZO <Frederic.Cagnazzo@cnes.fr>
Handicap: 0

Merci de r=E9pondre =E0 ce courrier d=E8s que vous aurez arrang=E9 la
rencontre, en remplissant le sujet de votre r=E9ponse de la
fa=E7on suivante :

rendezvous <date>, <lieu>

Par exemple:

rendezvous 12 mars, Cool =E0 Flo



--9B095B5ADSN=_01C653E2B1A3B03B00274F5Ccst?xch?003.cnes--


Wed Aug 15 21:54:47 2007: mail from postmaster -- dropping

Wed Aug 15 21:54:47 2007: Got mail
Received: from yves by localhost with local (Exim 4.50)
	id 1G17uk-0003eY-55
	for goat@rutschle.net; Thu, 13 Jul 2006 22:36:02 +0200
Date: Thu, 13 Jul 2006 22:36:01 +0200
To: goat@rutschle.net
Subject: resultat blanc
Message-ID: <20060713203601.GD841@naryves.com>
Mime-Version: 1.0
Content-Type: text/plain; charset=us-ascii
Content-Disposition: inline
User-Agent: Mutt/1.5.9i



Wed Aug 15 21:54:47 2007: Illegal sender
Wed Aug 15 21:54:47 2007: Got mail
Received: from yves by localhost with local (Exim 4.50)
	id 1G17uk-0003eY-55
	for goat@rutschle.net; Thu, 13 Jul 2006 22:36:02 +0200
Date: Thu, 13 Jul 2006 22:36:01 +0200
To: goat@rutschle.net
Subject: =?iso-8859-1?Q?rendezvous_13_d=E9cembre_2005_21:00=2C_Cool?=
Message-ID: <20060713203601.GD841@naryves.com>
Mime-Version: 1.0
Content-Type: text/plain; charset=us-ascii
Content-Disposition: inline
User-Agent: Mutt/1.5.9i
From: Yves <yves@rutschle.net>



Wed Aug 15 21:55:02 2007: Got mail
Received: from yves by localhost with local (Exim 4.50)
	id 1G17uk-0003eY-55
	for goat@rutschle.net; Thu, 13 Jul 2006 22:36:02 +0200
Date: Thu, 13 Jul 2006 22:36:01 +0200
To: goat@rutschle.net
Subject: n'importe quoi
Message-ID: <20060713203601.GD841@naryves.com>
Mime-Version: 1.0
Content-Type: text/plain; charset=us-ascii
Content-Disposition: inline
User-Agent: Mutt/1.5.9i
From: Yves <yves@rutschle.net>

rdv 13 déc 2005 21:00, Cool

Wed Aug 15 21:55:17 2007: Got mail
Received: from yves by localhost with local (Exim 4.50)
	id 1G17uk-0003eY-55
	for goat@rutschle.net; Thu, 13 Jul 2006 22:36:02 +0200
Date: Thu, 13 Jul 2006 22:36:01 +0200
To: goat@rutschle.net
Subject: rdb: 12 aou 2006 17:00, Club Go
Message-ID: <20060713203601.GD841@naryves.com>
Mime-Version: 1.0
Content-Type: text/plain; charset=us-ascii
Content-Disposition: inline
User-Agent: Mutt/1.5.9i
From: Yves <yves@rutschle.net>



Wed Aug 15 21:55:17 2007: No command found, bouncing mail
Wed Aug 15 21:59:14 2007: Got mail
Received: from yves by localhost with local (Exim 4.50)
	id 1G17uk-0003eY-55
	for goat@rutschle.net; Thu, 13 Jul 2006 22:36:02 +0200
Date: Thu, 13 Jul 2006 22:36:01 +0200
To: goat@rutschle.net
Subject: =?iso-8859-1?Q?rendezvous_13_d=E9cembre_2005_21:00=2C_Cool?=
Message-ID: <20060713203601.GD841@naryves.com>
Mime-Version: 1.0
Content-Type: text/plain; charset=us-ascii
Content-Disposition: inline
User-Agent: Mutt/1.5.9i
From: Yves <yves@rutschle.net>



Wed Aug 15 21:59:48 2007: Got mail
Received: from yves by localhost with local (Exim 4.50)
	id 1G17uk-0003eY-55
	for goat@rutschle.net; Thu, 13 Jul 2006 22:36:02 +0200
Date: Thu, 13 Jul 2006 22:36:01 +0200
To: goat@rutschle.net
Subject: n'importe quoi
Message-ID: <20060713203601.GD841@naryves.com>
Mime-Version: 1.0
Content-Type: text/plain; charset=us-ascii
Content-Disposition: inline
User-Agent: Mutt/1.5.9i
From: Yves <yves@rutschle.net>

rdv 13 déc 2005 21:00, Cool

Wed Aug 15 22:08:24 2007: Got mail
Received: from yves by localhost with local (Exim 4.50)
	id 1G17uk-0003eY-55
	for goat@rutschle.net; Thu, 13 Jul 2006 22:36:02 +0200
Date: Thu, 13 Jul 2006 22:36:01 +0200
To: goat@rutschle.net
Subject: resultat blan
Message-ID: <20060713203601.GD841@naryves.com>
Mime-Version: 1.0
Content-Type: text/plain; charset=us-ascii
Content-Disposition: inline
User-Agent: Mutt/1.5.9i
From: Yves <yves@rutschle.net>



Wed Aug 15 22:08:40 2007: Got mail
Received: from yves by localhost with local (Exim 4.50)
	id 1G17uk-0003eY-55
	for goat@rutschle.net; Thu, 13 Jul 2006 22:36:02 +0200
Date: Thu, 13 Jul 2006 22:36:01 +0200
To: goat@rutschle.net
Subject: rdv 30 juillet 2005 17:73, Club Go Toulouse
Message-ID: <20060713203601.GD841@naryves.com>
Mime-Version: 1.0
Content-Type: text/plain; charset=us-ascii
Content-Disposition: inline
User-Agent: Mutt/1.5.9i
From: Yves <yves@rutschle.net>



Wed Aug 15 22:08:54 2007: Got mail
Received: from yves by localhost with local (Exim 4.50)
	id 1G17uk-0003eY-55
	for goat@rutschle.net; Thu, 13 Jul 2006 22:36:02 +0200
Date: Thu, 13 Jul 2006 22:36:01 +0200
To: goat@rutschle.net
Subject: rdv 30 juillet 2005 17:73, Club Go Toulouse
Message-ID: <20060713203601.GD841@naryves.com>
Mime-Version: 1.0
Content-Type: text/plain; charset=us-ascii
Content-Disposition: inline
User-Agent: Mutt/1.5.9i
From: Eve <eve@rutschle.net>



Wed Aug 15 22:09:08 2007: Got mail
Received: from yves by localhost with local (Exim 4.50)
	id 1G17uk-0003eY-55
	for goat@rutschle.net; Thu, 13 Jul 2006 22:36:02 +0200
Date: Thu, 13 Jul 2006 22:36:01 +0200
To: goat@rutschle.net
Subject: rdv 21 juillet 2005 17:33, Club Go Toulouse
Message-ID: <20060713203601.GD841@naryves.com>
Mime-Version: 1.0
Content-Type: text/plain; charset=us-ascii
Content-Disposition: inline
User-Agent: Mutt/1.5.9i
From: Yves <yves@rutschle.net>



Wed Aug 15 22:09:22 2007: Got mail
Received: from yves by localhost with local (Exim 4.50)
	id 1G17uk-0003eY-55
	for goat@rutschle.net; Thu, 13 Jul 2006 22:36:02 +0200
Date: Thu, 13 Jul 2006 22:36:01 +0200
To: goat@rutschle.net
Subject: resultat blanc
Message-ID: <20060713203601.GD841@naryves.com>
Mime-Version: 1.0
Content-Type: text/plain; charset=us-ascii
Content-Disposition: inline
User-Agent: Mutt/1.5.9i
From: Yves <Yves@Rutschle.Net>



Wed Aug 15 22:09:37 2007: Got mail
Received: from yves by localhost with local (Exim 4.50)
	id 1G17uk-0003eY-55
	for goat@rutschle.net; Thu, 13 Jul 2006 22:36:02 +0200
Date: Thu, 13 Jul 2006 22:36:01 +0200
To: goat@rutschle.net
Subject: resultat blanc
Message-ID: <20060713203601.GD841@naryves.com>
Mime-Version: 1.0
X-Loop: GO Assistant <goat@rutschle.net>
Content-Type: text/plain; charset=us-ascii
Content-Disposition: inline
User-Agent: Mutt/1.5.9i
From: Yves <yves@rutschle.net>



Wed Aug 15 22:09:37 2007: Loop detected -- dropping mail
Wed Aug 15 22:09:37 2007: Got mail
Received: from baudot.cnes.fr ([132.149.22.11])
	by localhost with esmtp (Exim 4.50)
	id 1GjG5j-00062i-Lj
	for goat@naryves.com; Sun, 12 Nov 2006 15:13:47 +0100
Received: from cnes.fr by baudot.cnes.fr id kACEDDv21203;
	Sun, 12 Nov 2006 15:13:13 +0100 (MET)
From: postmaster@EXCHANGE.CST.CNES.FR
To: goat@naryves.com
Date: Sun, 12 Nov 2006 15:13:11 +0100
MIME-Version: 1.0
Content-Type: multipart/report; report-type=delivery-status;
	boundary="9B095B5ADSN=_01C653E2B1A3B03B00274F5Ccst?xch?003.cnes"
X-DSNContext: 7ce717b1 - 1158 - 00000002 - 00000000
Message-Id: <200611121413.kACEDDv21203@cnes.fr>
Subject: Delivery Status Notification (Failure)
X-OriginalArrivalTime: 12 Nov 2006 14:13:11.0899 (UTC) FILETIME=[AFC862B0:01C70664]
X-Loop-Check:  

This is a MIME-formatted message.  
Portions of this message may be unreadable without a MIME-capable mail program.

--9B095B5ADSN=_01C653E2B1A3B03B00274F5Ccst?xch?003.cnes
Content-Type: text/plain; charset=unicode-1-1-utf-7

This is an automatically generated Delivery Status Notification.

Delivery to the following recipients failed.

       Frederic.Cagnazzo@EXCHANGE.CST.CNES.FR




--9B095B5ADSN=_01C653E2B1A3B03B00274F5Ccst?xch?003.cnes
Content-Type: message/delivery-status

Reporting-MTA: dns;cst-xch-003.cnesnet.ad.cnes.fr
Received-From-MTA: dns;cst-com-001.cnesnet.ad.cnes.fr
Arrival-Date: Sun, 12 Nov 2006 15:13:11 +0100

Final-Recipient: rfc822;Frederic.Cagnazzo@EXCHANGE.CST.CNES.FR
Action: failed
Status: 5.2.2
X-Display-Name: Cagnazzo Frederic


--9B095B5ADSN=_01C653E2B1A3B03B00274F5Ccst?xch?003.cnes
Content-Type: message/rfc822

Received: from cst-com-001.cnesnet.ad.cnes.fr ([132.149.46.194]) by cst-xch-003.cnesnet.ad.cnes.fr with Microsoft SMTPSVC(6.0.3790.211);
	 Sun, 12 Nov 2006 15:13:11 +0100
Received: from mailhub-2.cnes.fr ([132.149.22.21]) by cst-com-001.cnesnet.ad.cnes.fr with Microsoft SMTPSVC(6.0.3790.211);
	 Sun, 12 Nov 2006 15:13:11 +0100
Received: from koch.cnes.fr (koch.cnes.fr [132.149.22.12])
	by mailhub-2.cnes.fr (Postfix) with ESMTP id 9B9FD17C13D
	for <Frederic.Cagnazzo@cnes.fr>; Sun, 12 Nov 2006 15:13:11 +0100 (CET)
Received: from bart.cnes.fr (unverified [132.149.22.7]) by koch.cnes.fr
 (Content Technologies SMTPRS 4.3.20) with ESMTP id <T7be920958b8495160c3374@koch.cnes.fr> for <Frederic.Cagnazzo@cnes.fr>;
 Sun, 12 Nov 2006 15:10:04 +0100
Received: by bart.cnes.fr (Postfix, from userid 73)
	id 1CC9A7B845; Sun, 12 Nov 2006 14:13:11 +0000 (GMT)
Received: from baudot.cnes.fr (baudot.cnes.fr [132.149.22.11])
	by bart.cnes.fr (Postfix) with ESMTP id AE65D7B843
	for <Frederic.Cagnazzo@cnes.fr>; Sun, 12 Nov 2006 14:13:10 +0000 (GMT)
Received: from smtp5-g19.free.fr (smtp5-g19.free.fr [212.27.42.35])
	by baudot.cnes.fr (8.11.7/8.11.7) with ESMTP id kACEDAv21178
	for <Frederic.Cagnazzo@cnes.fr>; Sun, 12 Nov 2006 15:13:10 +0100 (MET)
Received: from localhost (bon31-1-81-56-87-71.fbx.proxad.net [81.56.87.71])
	by smtp5-g19.free.fr (Postfix) with ESMTP id 41DAD27AA2;
	Sun, 12 Nov 2006 15:13:10 +0100 (CET)
Received: from goat by localhost with local (Exim 4.50)
	id 1GjG5A-000621-89; Sun, 12 Nov 2006 15:13:12 +0100
X-Loop: GO Assistant <goat@rutschle.net>
Subject: [goat] Votre appariement
To: FrÃƒÂ©dÃƒÂ©ric CAGNAZZO <Frederic.Cagnazzo@cnes.fr>,
	Thomas DUFOUR <naptod@free.fr>
From: GO Assistant <goat@rutschle.net>
Message-Id: <E1GjG5A-000621-89@localhost>
Date: Sun, 12 Nov 2006 15:13:12 +0100
X-Spam-Checker-Version: SpamAssassin 3.0.4 (2005-06-05) on bart.cnes.fr
X-Spam-Level: 
X-Spam-Status: No, score=-2.6 required=5.0 tests=BAYES_00 bayes=0.0000 
	autolearn=ham version=_VER
Return-Path: goat@naryves.com
X-OriginalArrivalTime: 12 Nov 2006 14:13:11.0556 (UTC) FILETIME=[AF940C40:01C70664]
MIME-Version: 1.0
Content-Transfer-Encoding: quoted-printable
X-MIME-Autoconverted: from 8bit to quoted-printable by baudot.cnes.fr id kACEDDv21203

Vous avez re=E7u ce courrier car vous =EAtes inscrit au tournoi
permanent de Toulouse. Si vous avez re=E7u ce mail par erreur,
merci de contacter Yves Rutschle <go@rutschle.net>


Voici votre appariement pour la prochaine ronde :

Noir: Thomas DUFOUR <naptod@free.fr>
Blanc: Fr=C3=A9d=C3=A9ric CAGNAZZO <Frederic.Cagnazzo@cnes.fr>
Handicap: 0

Merci de r=E9pondre =E0 ce courrier d=E8s que vous aurez arrang=E9 la
rencontre, en remplissant le sujet de votre r=E9ponse de la
fa=E7on suivante :

rendezvous <date>, <lieu>

Par exemple:

rendezvous 12 mars, Cool =E0 Flo



--9B095B5ADSN=_01C653E2B1A3B03B00274F5Ccst?xch?003.cnes--


Wed Aug 15 22:09:37 2007: mail from postmaster -- dropping

Wed Aug 15 22:09:37 2007: Got mail
Received: from yves by localhost with local (Exim 4.50)
	id 1G17uk-0003eY-55
	for goat@rutschle.net; Thu, 13 Jul 2006 22:36:02 +0200
Date: Thu, 13 Jul 2006 22:36:01 +0200
To: goat@rutschle.net
Subject: resultat blanc
Message-ID: <20060713203601.GD841@naryves.com>
Mime-Version: 1.0
Content-Type: text/plain; charset=us-ascii
Content-Disposition: inline
User-Agent: Mutt/1.5.9i



Wed Aug 15 22:09:37 2007: Illegal sender
Wed Aug 15 22:09:38 2007: Got mail
Received: from yves by localhost with local (Exim 4.50)
	id 1G17uk-0003eY-55
	for goat@rutschle.net; Thu, 13 Jul 2006 22:36:02 +0200
Date: Thu, 13 Jul 2006 22:36:01 +0200
To: goat@rutschle.net
Subject: =?iso-8859-1?Q?rendezvous_13_d=E9cembre_2005_21:00=2C_Cool?=
Message-ID: <20060713203601.GD841@naryves.com>
Mime-Version: 1.0
Content-Type: text/plain; charset=us-ascii
Content-Disposition: inline
User-Agent: Mutt/1.5.9i
From: Yves <yves@rutschle.net>



Wed Aug 15 22:09:53 2007: Got mail
Received: from yves by localhost with local (Exim 4.50)
	id 1G17uk-0003eY-55
	for goat@rutschle.net; Thu, 13 Jul 2006 22:36:02 +0200
Date: Thu, 13 Jul 2006 22:36:01 +0200
To: goat@rutschle.net
Subject: n'importe quoi
Message-ID: <20060713203601.GD841@naryves.com>
Mime-Version: 1.0
Content-Type: text/plain; charset=us-ascii
Content-Disposition: inline
User-Agent: Mutt/1.5.9i
From: Yves <yves@rutschle.net>

rdv 13 déc 2005 21:00, Cool

Wed Aug 15 22:10:08 2007: Got mail
Received: from yves by localhost with local (Exim 4.50)
	id 1G17uk-0003eY-55
	for goat@rutschle.net; Thu, 13 Jul 2006 22:36:02 +0200
Date: Thu, 13 Jul 2006 22:36:01 +0200
To: goat@rutschle.net
Subject: rdb: 12 aou 2006 17:00, Club Go
Message-ID: <20060713203601.GD841@naryves.com>
Mime-Version: 1.0
Content-Type: text/plain; charset=us-ascii
Content-Disposition: inline
User-Agent: Mutt/1.5.9i
From: Yves <yves@rutschle.net>



Wed Aug 15 22:10:08 2007: No command found, bouncing mail
Wed Aug 15 22:14:00 2007: Got mail
Received: from yves by localhost with local (Exim 4.50)
	id 1G17uk-0003eY-55
	for goat@rutschle.net; Thu, 13 Jul 2006 22:36:02 +0200
Date: Thu, 13 Jul 2006 22:36:01 +0200
To: goat@rutschle.net
Subject: resultat blan
Message-ID: <20060713203601.GD841@naryves.com>
Mime-Version: 1.0
Content-Type: text/plain; charset=us-ascii
Content-Disposition: inline
User-Agent: Mutt/1.5.9i
From: Yves <yves@rutschle.net>



Wed Aug 15 22:14:17 2007: Got mail
Received: from yves by localhost with local (Exim 4.50)
	id 1G17uk-0003eY-55
	for goat@rutschle.net; Thu, 13 Jul 2006 22:36:02 +0200
Date: Thu, 13 Jul 2006 22:36:01 +0200
To: goat@rutschle.net
Subject: rdv 30 juillet 2005 17:73, Club Go Toulouse
Message-ID: <20060713203601.GD841@naryves.com>
Mime-Version: 1.0
Content-Type: text/plain; charset=us-ascii
Content-Disposition: inline
User-Agent: Mutt/1.5.9i
From: Yves <yves@rutschle.net>



Wed Aug 15 22:14:31 2007: Got mail
Received: from yves by localhost with local (Exim 4.50)
	id 1G17uk-0003eY-55
	for goat@rutschle.net; Thu, 13 Jul 2006 22:36:02 +0200
Date: Thu, 13 Jul 2006 22:36:01 +0200
To: goat@rutschle.net
Subject: rdv 30 juillet 2005 17:73, Club Go Toulouse
Message-ID: <20060713203601.GD841@naryves.com>
Mime-Version: 1.0
Content-Type: text/plain; charset=us-ascii
Content-Disposition: inline
User-Agent: Mutt/1.5.9i
From: Eve <eve@rutschle.net>



Wed Aug 15 22:14:45 2007: Got mail
Received: from yves by localhost with local (Exim 4.50)
	id 1G17uk-0003eY-55
	for goat@rutschle.net; Thu, 13 Jul 2006 22:36:02 +0200
Date: Thu, 13 Jul 2006 22:36:01 +0200
To: goat@rutschle.net
Subject: rdv 21 juillet 2005 17:33, Club Go Toulouse
Message-ID: <20060713203601.GD841@naryves.com>
Mime-Version: 1.0
Content-Type: text/plain; charset=us-ascii
Content-Disposition: inline
User-Agent: Mutt/1.5.9i
From: Yves <yves@rutschle.net>



Wed Aug 15 22:14:59 2007: Got mail
Received: from yves by localhost with local (Exim 4.50)
	id 1G17uk-0003eY-55
	for goat@rutschle.net; Thu, 13 Jul 2006 22:36:02 +0200
Date: Thu, 13 Jul 2006 22:36:01 +0200
To: goat@rutschle.net
Subject: resultat blanc
Message-ID: <20060713203601.GD841@naryves.com>
Mime-Version: 1.0
Content-Type: text/plain; charset=us-ascii
Content-Disposition: inline
User-Agent: Mutt/1.5.9i
From: Yves <Yves@Rutschle.Net>



Wed Aug 15 22:15:15 2007: Got mail
Received: from yves by localhost with local (Exim 4.50)
	id 1G17uk-0003eY-55
	for goat@rutschle.net; Thu, 13 Jul 2006 22:36:02 +0200
Date: Thu, 13 Jul 2006 22:36:01 +0200
To: goat@rutschle.net
Subject: resultat blanc
Message-ID: <20060713203601.GD841@naryves.com>
Mime-Version: 1.0
X-Loop: GO Assistant <goat@rutschle.net>
Content-Type: text/plain; charset=us-ascii
Content-Disposition: inline
User-Agent: Mutt/1.5.9i
From: Yves <yves@rutschle.net>



Wed Aug 15 22:15:15 2007: Loop detected -- dropping mail
Wed Aug 15 22:15:15 2007: Got mail
Received: from baudot.cnes.fr ([132.149.22.11])
	by localhost with esmtp (Exim 4.50)
	id 1GjG5j-00062i-Lj
	for goat@naryves.com; Sun, 12 Nov 2006 15:13:47 +0100
Received: from cnes.fr by baudot.cnes.fr id kACEDDv21203;
	Sun, 12 Nov 2006 15:13:13 +0100 (MET)
From: postmaster@EXCHANGE.CST.CNES.FR
To: goat@naryves.com
Date: Sun, 12 Nov 2006 15:13:11 +0100
MIME-Version: 1.0
Content-Type: multipart/report; report-type=delivery-status;
	boundary="9B095B5ADSN=_01C653E2B1A3B03B00274F5Ccst?xch?003.cnes"
X-DSNContext: 7ce717b1 - 1158 - 00000002 - 00000000
Message-Id: <200611121413.kACEDDv21203@cnes.fr>
Subject: Delivery Status Notification (Failure)
X-OriginalArrivalTime: 12 Nov 2006 14:13:11.0899 (UTC) FILETIME=[AFC862B0:01C70664]
X-Loop-Check:  

This is a MIME-formatted message.  
Portions of this message may be unreadable without a MIME-capable mail program.

--9B095B5ADSN=_01C653E2B1A3B03B00274F5Ccst?xch?003.cnes
Content-Type: text/plain; charset=unicode-1-1-utf-7

This is an automatically generated Delivery Status Notification.

Delivery to the following recipients failed.

       Frederic.Cagnazzo@EXCHANGE.CST.CNES.FR




--9B095B5ADSN=_01C653E2B1A3B03B00274F5Ccst?xch?003.cnes
Content-Type: message/delivery-status

Reporting-MTA: dns;cst-xch-003.cnesnet.ad.cnes.fr
Received-From-MTA: dns;cst-com-001.cnesnet.ad.cnes.fr
Arrival-Date: Sun, 12 Nov 2006 15:13:11 +0100

Final-Recipient: rfc822;Frederic.Cagnazzo@EXCHANGE.CST.CNES.FR
Action: failed
Status: 5.2.2
X-Display-Name: Cagnazzo Frederic


--9B095B5ADSN=_01C653E2B1A3B03B00274F5Ccst?xch?003.cnes
Content-Type: message/rfc822

Received: from cst-com-001.cnesnet.ad.cnes.fr ([132.149.46.194]) by cst-xch-003.cnesnet.ad.cnes.fr with Microsoft SMTPSVC(6.0.3790.211);
	 Sun, 12 Nov 2006 15:13:11 +0100
Received: from mailhub-2.cnes.fr ([132.149.22.21]) by cst-com-001.cnesnet.ad.cnes.fr with Microsoft SMTPSVC(6.0.3790.211);
	 Sun, 12 Nov 2006 15:13:11 +0100
Received: from koch.cnes.fr (koch.cnes.fr [132.149.22.12])
	by mailhub-2.cnes.fr (Postfix) with ESMTP id 9B9FD17C13D
	for <Frederic.Cagnazzo@cnes.fr>; Sun, 12 Nov 2006 15:13:11 +0100 (CET)
Received: from bart.cnes.fr (unverified [132.149.22.7]) by koch.cnes.fr
 (Content Technologies SMTPRS 4.3.20) with ESMTP id <T7be920958b8495160c3374@koch.cnes.fr> for <Frederic.Cagnazzo@cnes.fr>;
 Sun, 12 Nov 2006 15:10:04 +0100
Received: by bart.cnes.fr (Postfix, from userid 73)
	id 1CC9A7B845; Sun, 12 Nov 2006 14:13:11 +0000 (GMT)
Received: from baudot.cnes.fr (baudot.cnes.fr [132.149.22.11])
	by bart.cnes.fr (Postfix) with ESMTP id AE65D7B843
	for <Frederic.Cagnazzo@cnes.fr>; Sun, 12 Nov 2006 14:13:10 +0000 (GMT)
Received: from smtp5-g19.free.fr (smtp5-g19.free.fr [212.27.42.35])
	by baudot.cnes.fr (8.11.7/8.11.7) with ESMTP id kACEDAv21178
	for <Frederic.Cagnazzo@cnes.fr>; Sun, 12 Nov 2006 15:13:10 +0100 (MET)
Received: from localhost (bon31-1-81-56-87-71.fbx.proxad.net [81.56.87.71])
	by smtp5-g19.free.fr (Postfix) with ESMTP id 41DAD27AA2;
	Sun, 12 Nov 2006 15:13:10 +0100 (CET)
Received: from goat by localhost with local (Exim 4.50)
	id 1GjG5A-000621-89; Sun, 12 Nov 2006 15:13:12 +0100
X-Loop: GO Assistant <goat@rutschle.net>
Subject: [goat] Votre appariement
To: FrÃƒÂ©dÃƒÂ©ric CAGNAZZO <Frederic.Cagnazzo@cnes.fr>,
	Thomas DUFOUR <naptod@free.fr>
From: GO Assistant <goat@rutschle.net>
Message-Id: <E1GjG5A-000621-89@localhost>
Date: Sun, 12 Nov 2006 15:13:12 +0100
X-Spam-Checker-Version: SpamAssassin 3.0.4 (2005-06-05) on bart.cnes.fr
X-Spam-Level: 
X-Spam-Status: No, score=-2.6 required=5.0 tests=BAYES_00 bayes=0.0000 
	autolearn=ham version=_VER
Return-Path: goat@naryves.com
X-OriginalArrivalTime: 12 Nov 2006 14:13:11.0556 (UTC) FILETIME=[AF940C40:01C70664]
MIME-Version: 1.0
Content-Transfer-Encoding: quoted-printable
X-MIME-Autoconverted: from 8bit to quoted-printable by baudot.cnes.fr id kACEDDv21203

Vous avez re=E7u ce courrier car vous =EAtes inscrit au tournoi
permanent de Toulouse. Si vous avez re=E7u ce mail par erreur,
merci de contacter Yves Rutschle <go@rutschle.net>


Voici votre appariement pour la prochaine ronde :

Noir: Thomas DUFOUR <naptod@free.fr>
Blanc: Fr=C3=A9d=C3=A9ric CAGNAZZO <Frederic.Cagnazzo@cnes.fr>
Handicap: 0

Merci de r=E9pondre =E0 ce courrier d=E8s que vous aurez arrang=E9 la
rencontre, en remplissant le sujet de votre r=E9ponse de la
fa=E7on suivante :

rendezvous <date>, <lieu>

Par exemple:

rendezvous 12 mars, Cool =E0 Flo



--9B095B5ADSN=_01C653E2B1A3B03B00274F5Ccst?xch?003.cnes--


Wed Aug 15 22:15:15 2007: mail from postmaster -- dropping

Wed Aug 15 22:15:16 2007: Got mail
Received: from yves by localhost with local (Exim 4.50)
	id 1G17uk-0003eY-55
	for goat@rutschle.net; Thu, 13 Jul 2006 22:36:02 +0200
Date: Thu, 13 Jul 2006 22:36:01 +0200
To: goat@rutschle.net
Subject: resultat blanc
Message-ID: <20060713203601.GD841@naryves.com>
Mime-Version: 1.0
Content-Type: text/plain; charset=us-ascii
Content-Disposition: inline
User-Agent: Mutt/1.5.9i



Wed Aug 15 22:15:16 2007: Illegal sender
Wed Aug 15 22:15:16 2007: Got mail
Received: from yves by localhost with local (Exim 4.50)
	id 1G17uk-0003eY-55
	for goat@rutschle.net; Thu, 13 Jul 2006 22:36:02 +0200
Date: Thu, 13 Jul 2006 22:36:01 +0200
To: goat@rutschle.net
Subject: =?iso-8859-1?Q?rendezvous_13_d=E9cembre_2005_21:00=2C_Cool?=
Message-ID: <20060713203601.GD841@naryves.com>
Mime-Version: 1.0
Content-Type: text/plain; charset=us-ascii
Content-Disposition: inline
User-Agent: Mutt/1.5.9i
From: Yves <yves@rutschle.net>



Wed Aug 15 22:15:30 2007: Got mail
Received: from yves by localhost with local (Exim 4.50)
	id 1G17uk-0003eY-55
	for goat@rutschle.net; Thu, 13 Jul 2006 22:36:02 +0200
Date: Thu, 13 Jul 2006 22:36:01 +0200
To: goat@rutschle.net
Subject: n'importe quoi
Message-ID: <20060713203601.GD841@naryves.com>
Mime-Version: 1.0
Content-Type: text/plain; charset=us-ascii
Content-Disposition: inline
User-Agent: Mutt/1.5.9i
From: Yves <yves@rutschle.net>

rdv 13 déc 2005 21:00, Cool

Wed Aug 15 22:15:45 2007: Got mail
Received: from yves by localhost with local (Exim 4.50)
	id 1G17uk-0003eY-55
	for goat@rutschle.net; Thu, 13 Jul 2006 22:36:02 +0200
Date: Thu, 13 Jul 2006 22:36:01 +0200
To: goat@rutschle.net
Subject: rdb: 12 aou 2006 17:00, Club Go
Message-ID: <20060713203601.GD841@naryves.com>
Mime-Version: 1.0
Content-Type: text/plain; charset=us-ascii
Content-Disposition: inline
User-Agent: Mutt/1.5.9i
From: Yves <yves@rutschle.net>



Wed Aug 15 22:15:45 2007: No command found, bouncing mail
Thu Nov  1 13:04:09 2007: Got mail
Received: from yves by localhost with local (Exim 4.50)
	id 1G17uk-0003eY-55
	for goat@rutschle.net; Thu, 13 Jul 2006 22:36:02 +0200
Date: Thu, 13 Jul 2006 22:36:01 +0200
To: goat@rutschle.net
Subject: resultat blan
Message-ID: <20060713203601.GD841@naryves.com>
Mime-Version: 1.0
Content-Type: text/plain; charset=us-ascii
Content-Disposition: inline
User-Agent: Mutt/1.5.9i
From: Yves <yves@rutschle.net>



Thu Nov  1 13:04:14 2007: system(perl -MDevel::Cover="-silent,on" /home/goat/curr/goat --test --file toperm --result "yves@rutschle.net,blan"): returned 2 
Thu Nov  1 13:04:14 2007: Got mail
Received: from yves by localhost with local (Exim 4.50)
	id 1G17uk-0003eY-55
	for goat@rutschle.net; Thu, 13 Jul 2006 22:36:02 +0200
Date: Thu, 13 Jul 2006 22:36:01 +0200
To: goat@rutschle.net
Subject: rdv 30 juillet 2005 17:73, Club Go Toulouse
Message-ID: <20060713203601.GD841@naryves.com>
Mime-Version: 1.0
Content-Type: text/plain; charset=us-ascii
Content-Disposition: inline
User-Agent: Mutt/1.5.9i
From: Yves <yves@rutschle.net>



Thu Nov  1 13:04:16 2007: system(perl -MDevel::Cover="-silent,on" /home/goat/curr/goat --test --file toperm --schedule "yves@rutschle.net, 30 juillet 2005 17:73, Club Go Toulouse"): returned 2 
Thu Nov  1 13:04:17 2007: Got mail
Received: from yves by localhost with local (Exim 4.50)
	id 1G17uk-0003eY-55
	for goat@rutschle.net; Thu, 13 Jul 2006 22:36:02 +0200
Date: Thu, 13 Jul 2006 22:36:01 +0200
To: goat@rutschle.net
Subject: resultat blanc
Message-ID: <20060713203601.GD841@naryves.com>
Mime-Version: 1.0
Content-Type: text/plain; charset=us-ascii
Content-Disposition: inline
User-Agent: Mutt/1.5.9i
From: Yves <Yves@Rutschle.Net>



Thu Nov  1 13:04:17 2007: system(perl -MDevel::Cover="-silent,on" /home/goat/curr/goat --test --file toperm --result "Yves@Rutschle.Net,blanc"): returned 2 
Thu Nov  1 13:04:18 2007: Got mail
Received: from yves by localhost with local (Exim 4.50)
	id 1G17uk-0003eY-55
	for goat@rutschle.net; Thu, 13 Jul 2006 22:36:02 +0200
Date: Thu, 13 Jul 2006 22:36:01 +0200
To: goat@rutschle.net
Subject: rdb: 12 aou 2006 17:00, Club Go
Message-ID: <20060713203601.GD841@naryves.com>
Mime-Version: 1.0
Content-Type: text/plain; charset=us-ascii
Content-Disposition: inline
User-Agent: Mutt/1.5.9i
From: Yves <yves@rutschle.net>



Thu Nov  1 13:04:18 2007: No command found, bouncing mail
Thu Nov  1 13:04:18 2007: system(perl -MDevel::Cover="-silent,on" /home/goat/curr/mail_out --no-send --mail-in-illegal "yves@rutschle.net,/home/goat/curr/t/tmp/mail_in.7976"): returned 2 
Thu Nov  1 13:07:16 2007: Got mail
Received: from yves by localhost with local (Exim 4.50)
	id 1G17uk-0003eY-55
	for goat@rutschle.net; Thu, 13 Jul 2006 22:36:02 +0200
Date: Thu, 13 Jul 2006 22:36:01 +0200
To: goat@rutschle.net
Subject: rdv 30 juillet 2005 17:73, Club Go Toulouse
Message-ID: <20060713203601.GD841@naryves.com>
Mime-Version: 1.0
Content-Type: text/plain; charset=us-ascii
Content-Disposition: inline
User-Agent: Mutt/1.5.9i
From: Yves <yves@rutschle.net>



Thu Nov  1 13:07:16 2007: system(perl -MDevel::Cover="-silent,on" /home/goat/curr/goat --test --file toperm --schedule "yves@rutschle.net, 30 juillet 2005 17:73, Club Go Toulouse"): returned 2 
Thu Nov  1 13:07:17 2007: Got mail
Received: from yves by localhost with local (Exim 4.50)
	id 1G17uk-0003eY-55
	for goat@rutschle.net; Thu, 13 Jul 2006 22:36:02 +0200
Date: Thu, 13 Jul 2006 22:36:01 +0200
To: goat@rutschle.net
Subject: rdv 21 juillet 2005 17:33, Club Go Toulouse
Message-ID: <20060713203601.GD841@naryves.com>
Mime-Version: 1.0
Content-Type: text/plain; charset=us-ascii
Content-Disposition: inline
User-Agent: Mutt/1.5.9i
From: Yves <yves@rutschle.net>



Thu Nov  1 13:07:17 2007: system(perl -MDevel::Cover="-silent,on" /home/goat/curr/goat --test --file toperm --schedule "yves@rutschle.net, 21 juillet 2005 17:33, Club Go Toulouse"): returned 2 
Thu Nov  1 13:07:17 2007: Got mail
Received: from yves by localhost with local (Exim 4.50)
	id 1G17uk-0003eY-55
	for goat@rutschle.net; Thu, 13 Jul 2006 22:36:02 +0200
Date: Thu, 13 Jul 2006 22:36:01 +0200
To: goat@rutschle.net
Subject: =?iso-8859-1?Q?rendezvous_13_d=E9cembre_2005_21:00=2C_Cool?=
Message-ID: <20060713203601.GD841@naryves.com>
Mime-Version: 1.0
Content-Type: text/plain; charset=us-ascii
Content-Disposition: inline
User-Agent: Mutt/1.5.9i
From: Yves <yves@rutschle.net>



Thu Nov  1 13:07:18 2007: system(perl -MDevel::Cover="-silent,on" /home/goat/curr/goat --test --file toperm --schedule "yves@rutschle.net, 13 décembre 2005 21:00, Cool"): returned 2 
Thu Nov  1 13:07:18 2007: Got mail
Received: from yves by localhost with local (Exim 4.50)
	id 1G17uk-0003eY-55
	for goat@rutschle.net; Thu, 13 Jul 2006 22:36:02 +0200
Date: Thu, 13 Jul 2006 22:36:01 +0200
To: goat@rutschle.net
Subject: n'importe quoi
Message-ID: <20060713203601.GD841@naryves.com>
Mime-Version: 1.0
Content-Type: text/plain; charset=us-ascii
Content-Disposition: inline
User-Agent: Mutt/1.5.9i
From: Yves <yves@rutschle.net>

rdv 13 déc 2005 21:00, Cool

Thu Nov  1 13:07:18 2007: system(perl -MDevel::Cover="-silent,on" /home/goat/curr/goat --test --file toperm --schedule "yves@rutschle.net, 13 déc 2005 21:00, Cool"): returned 2 
Thu Nov  1 13:09:49 2007: Got mail
Received: from yves by localhost with local (Exim 4.50)
	id 1G17uk-0003eY-55
	for goat@rutschle.net; Thu, 13 Jul 2006 22:36:02 +0200
Date: Thu, 13 Jul 2006 22:36:01 +0200
To: goat@rutschle.net
Subject: resultat blan
Message-ID: <20060713203601.GD841@naryves.com>
Mime-Version: 1.0
Content-Type: text/plain; charset=us-ascii
Content-Disposition: inline
User-Agent: Mutt/1.5.9i
From: Yves <yves@rutschle.net>



Thu Nov  1 13:10:19 2007: system(perl -MDevel::Cover="-silent,on" /home/goat/curr/goat --test --file toperm --result "yves@rutschle.net,blan"): returned 2 
Thu Nov  1 13:10:19 2007: Got mail
Received: from yves by localhost with local (Exim 4.50)
	id 1G17uk-0003eY-55
	for goat@rutschle.net; Thu, 13 Jul 2006 22:36:02 +0200
Date: Thu, 13 Jul 2006 22:36:01 +0200
To: goat@rutschle.net
Subject: rdv 30 juillet 2005 17:73, Club Go Toulouse
Message-ID: <20060713203601.GD841@naryves.com>
Mime-Version: 1.0
Content-Type: text/plain; charset=us-ascii
Content-Disposition: inline
User-Agent: Mutt/1.5.9i
From: Yves <yves@rutschle.net>



Thu Nov  1 13:10:20 2007: system(perl -MDevel::Cover="-silent,on" /home/goat/curr/goat --test --file toperm --schedule "yves@rutschle.net, 30 juillet 2005 17:73, Club Go Toulouse"): returned 2 
Thu Nov  1 13:11:02 2007: Got mail
Received: from yves by localhost with local (Exim 4.50)
	id 1G17uk-0003eY-55
	for goat@rutschle.net; Thu, 13 Jul 2006 22:36:02 +0200
Date: Thu, 13 Jul 2006 22:36:01 +0200
To: goat@rutschle.net
Subject: resultat blan
Message-ID: <20060713203601.GD841@naryves.com>
Mime-Version: 1.0
Content-Type: text/plain; charset=us-ascii
Content-Disposition: inline
User-Agent: Mutt/1.5.9i
From: Yves <yves@rutschle.net>



Thu Nov  1 13:11:24 2007: Got mail
Received: from yves by localhost with local (Exim 4.50)
	id 1G17uk-0003eY-55
	for goat@rutschle.net; Thu, 13 Jul 2006 22:36:02 +0200
Date: Thu, 13 Jul 2006 22:36:01 +0200
To: goat@rutschle.net
Subject: rdv 30 juillet 2005 17:73, Club Go Toulouse
Message-ID: <20060713203601.GD841@naryves.com>
Mime-Version: 1.0
Content-Type: text/plain; charset=us-ascii
Content-Disposition: inline
User-Agent: Mutt/1.5.9i
From: Yves <yves@rutschle.net>



Thu Nov  1 13:11:40 2007: Got mail
Received: from yves by localhost with local (Exim 4.50)
	id 1G17uk-0003eY-55
	for goat@rutschle.net; Thu, 13 Jul 2006 22:36:02 +0200
Date: Thu, 13 Jul 2006 22:36:01 +0200
To: goat@rutschle.net
Subject: rdv 30 juillet 2005 17:73, Club Go Toulouse
Message-ID: <20060713203601.GD841@naryves.com>
Mime-Version: 1.0
Content-Type: text/plain; charset=us-ascii
Content-Disposition: inline
User-Agent: Mutt/1.5.9i
From: Eve <eve@rutschle.net>



Thu Nov  1 13:11:56 2007: Got mail
Received: from yves by localhost with local (Exim 4.50)
	id 1G17uk-0003eY-55
	for goat@rutschle.net; Thu, 13 Jul 2006 22:36:02 +0200
Date: Thu, 13 Jul 2006 22:36:01 +0200
To: goat@rutschle.net
Subject: rdv 21 juillet 2005 17:33, Club Go Toulouse
Message-ID: <20060713203601.GD841@naryves.com>
Mime-Version: 1.0
Content-Type: text/plain; charset=us-ascii
Content-Disposition: inline
User-Agent: Mutt/1.5.9i
From: Yves <yves@rutschle.net>



Thu Nov  1 13:12:13 2007: Got mail
Received: from yves by localhost with local (Exim 4.50)
	id 1G17uk-0003eY-55
	for goat@rutschle.net; Thu, 13 Jul 2006 22:36:02 +0200
Date: Thu, 13 Jul 2006 22:36:01 +0200
To: goat@rutschle.net
Subject: resultat blanc
Message-ID: <20060713203601.GD841@naryves.com>
Mime-Version: 1.0
Content-Type: text/plain; charset=us-ascii
Content-Disposition: inline
User-Agent: Mutt/1.5.9i
From: Yves <Yves@Rutschle.Net>



Thu Nov  1 13:12:30 2007: Got mail
Received: from yves by localhost with local (Exim 4.50)
	id 1G17uk-0003eY-55
	for goat@rutschle.net; Thu, 13 Jul 2006 22:36:02 +0200
Date: Thu, 13 Jul 2006 22:36:01 +0200
To: goat@rutschle.net
Subject: resultat blanc
Message-ID: <20060713203601.GD841@naryves.com>
Mime-Version: 1.0
X-Loop: GO Assistant <goat@rutschle.net>
Content-Type: text/plain; charset=us-ascii
Content-Disposition: inline
User-Agent: Mutt/1.5.9i
From: Yves <yves@rutschle.net>



Thu Nov  1 13:12:30 2007: Loop detected -- dropping mail
Thu Nov  1 13:12:30 2007: Got mail
Received: from baudot.cnes.fr ([132.149.22.11])
	by localhost with esmtp (Exim 4.50)
	id 1GjG5j-00062i-Lj
	for goat@naryves.com; Sun, 12 Nov 2006 15:13:47 +0100
Received: from cnes.fr by baudot.cnes.fr id kACEDDv21203;
	Sun, 12 Nov 2006 15:13:13 +0100 (MET)
From: postmaster@EXCHANGE.CST.CNES.FR
To: goat@naryves.com
Date: Sun, 12 Nov 2006 15:13:11 +0100
MIME-Version: 1.0
Content-Type: multipart/report; report-type=delivery-status;
	boundary="9B095B5ADSN=_01C653E2B1A3B03B00274F5Ccst?xch?003.cnes"
X-DSNContext: 7ce717b1 - 1158 - 00000002 - 00000000
Message-Id: <200611121413.kACEDDv21203@cnes.fr>
Subject: Delivery Status Notification (Failure)
X-OriginalArrivalTime: 12 Nov 2006 14:13:11.0899 (UTC) FILETIME=[AFC862B0:01C70664]
X-Loop-Check:  

This is a MIME-formatted message.  
Portions of this message may be unreadable without a MIME-capable mail program.

--9B095B5ADSN=_01C653E2B1A3B03B00274F5Ccst?xch?003.cnes
Content-Type: text/plain; charset=unicode-1-1-utf-7

This is an automatically generated Delivery Status Notification.

Delivery to the following recipients failed.

       Frederic.Cagnazzo@EXCHANGE.CST.CNES.FR




--9B095B5ADSN=_01C653E2B1A3B03B00274F5Ccst?xch?003.cnes
Content-Type: message/delivery-status

Reporting-MTA: dns;cst-xch-003.cnesnet.ad.cnes.fr
Received-From-MTA: dns;cst-com-001.cnesnet.ad.cnes.fr
Arrival-Date: Sun, 12 Nov 2006 15:13:11 +0100

Final-Recipient: rfc822;Frederic.Cagnazzo@EXCHANGE.CST.CNES.FR
Action: failed
Status: 5.2.2
X-Display-Name: Cagnazzo Frederic


--9B095B5ADSN=_01C653E2B1A3B03B00274F5Ccst?xch?003.cnes
Content-Type: message/rfc822

Received: from cst-com-001.cnesnet.ad.cnes.fr ([132.149.46.194]) by cst-xch-003.cnesnet.ad.cnes.fr with Microsoft SMTPSVC(6.0.3790.211);
	 Sun, 12 Nov 2006 15:13:11 +0100
Received: from mailhub-2.cnes.fr ([132.149.22.21]) by cst-com-001.cnesnet.ad.cnes.fr with Microsoft SMTPSVC(6.0.3790.211);
	 Sun, 12 Nov 2006 15:13:11 +0100
Received: from koch.cnes.fr (koch.cnes.fr [132.149.22.12])
	by mailhub-2.cnes.fr (Postfix) with ESMTP id 9B9FD17C13D
	for <Frederic.Cagnazzo@cnes.fr>; Sun, 12 Nov 2006 15:13:11 +0100 (CET)
Received: from bart.cnes.fr (unverified [132.149.22.7]) by koch.cnes.fr
 (Content Technologies SMTPRS 4.3.20) with ESMTP id <T7be920958b8495160c3374@koch.cnes.fr> for <Frederic.Cagnazzo@cnes.fr>;
 Sun, 12 Nov 2006 15:10:04 +0100
Received: by bart.cnes.fr (Postfix, from userid 73)
	id 1CC9A7B845; Sun, 12 Nov 2006 14:13:11 +0000 (GMT)
Received: from baudot.cnes.fr (baudot.cnes.fr [132.149.22.11])
	by bart.cnes.fr (Postfix) with ESMTP id AE65D7B843
	for <Frederic.Cagnazzo@cnes.fr>; Sun, 12 Nov 2006 14:13:10 +0000 (GMT)
Received: from smtp5-g19.free.fr (smtp5-g19.free.fr [212.27.42.35])
	by baudot.cnes.fr (8.11.7/8.11.7) with ESMTP id kACEDAv21178
	for <Frederic.Cagnazzo@cnes.fr>; Sun, 12 Nov 2006 15:13:10 +0100 (MET)
Received: from localhost (bon31-1-81-56-87-71.fbx.proxad.net [81.56.87.71])
	by smtp5-g19.free.fr (Postfix) with ESMTP id 41DAD27AA2;
	Sun, 12 Nov 2006 15:13:10 +0100 (CET)
Received: from goat by localhost with local (Exim 4.50)
	id 1GjG5A-000621-89; Sun, 12 Nov 2006 15:13:12 +0100
X-Loop: GO Assistant <goat@rutschle.net>
Subject: [goat] Votre appariement
To: FrÃƒÂ©dÃƒÂ©ric CAGNAZZO <Frederic.Cagnazzo@cnes.fr>,
	Thomas DUFOUR <naptod@free.fr>
From: GO Assistant <goat@rutschle.net>
Message-Id: <E1GjG5A-000621-89@localhost>
Date: Sun, 12 Nov 2006 15:13:12 +0100
X-Spam-Checker-Version: SpamAssassin 3.0.4 (2005-06-05) on bart.cnes.fr
X-Spam-Level: 
X-Spam-Status: No, score=-2.6 required=5.0 tests=BAYES_00 bayes=0.0000 
	autolearn=ham version=_VER
Return-Path: goat@naryves.com
X-OriginalArrivalTime: 12 Nov 2006 14:13:11.0556 (UTC) FILETIME=[AF940C40:01C70664]
MIME-Version: 1.0
Content-Transfer-Encoding: quoted-printable
X-MIME-Autoconverted: from 8bit to quoted-printable by baudot.cnes.fr id kACEDDv21203

Vous avez re=E7u ce courrier car vous =EAtes inscrit au tournoi
permanent de Toulouse. Si vous avez re=E7u ce mail par erreur,
merci de contacter Yves Rutschle <go@rutschle.net>


Voici votre appariement pour la prochaine ronde :

Noir: Thomas DUFOUR <naptod@free.fr>
Blanc: Fr=C3=A9d=C3=A9ric CAGNAZZO <Frederic.Cagnazzo@cnes.fr>
Handicap: 0

Merci de r=E9pondre =E0 ce courrier d=E8s que vous aurez arrang=E9 la
rencontre, en remplissant le sujet de votre r=E9ponse de la
fa=E7on suivante :

rendezvous <date>, <lieu>

Par exemple:

rendezvous 12 mars, Cool =E0 Flo



--9B095B5ADSN=_01C653E2B1A3B03B00274F5Ccst?xch?003.cnes--


Thu Nov  1 13:12:30 2007: mail from postmaster -- dropping

Thu Nov  1 13:12:31 2007: Got mail
Received: from yves by localhost with local (Exim 4.50)
	id 1G17uk-0003eY-55
	for goat@rutschle.net; Thu, 13 Jul 2006 22:36:02 +0200
Date: Thu, 13 Jul 2006 22:36:01 +0200
To: goat@rutschle.net
Subject: resultat blanc
Message-ID: <20060713203601.GD841@naryves.com>
Mime-Version: 1.0
Content-Type: text/plain; charset=us-ascii
Content-Disposition: inline
User-Agent: Mutt/1.5.9i



Thu Nov  1 13:12:31 2007: Illegal sender
Thu Nov  1 13:12:31 2007: Got mail
Received: from yves by localhost with local (Exim 4.50)
	id 1G17uk-0003eY-55
	for goat@rutschle.net; Thu, 13 Jul 2006 22:36:02 +0200
Date: Thu, 13 Jul 2006 22:36:01 +0200
To: goat@rutschle.net
Subject: =?iso-8859-1?Q?rendezvous_13_d=E9cembre_2005_21:00=2C_Cool?=
Message-ID: <20060713203601.GD841@naryves.com>
Mime-Version: 1.0
Content-Type: text/plain; charset=us-ascii
Content-Disposition: inline
User-Agent: Mutt/1.5.9i
From: Yves <yves@rutschle.net>



Thu Nov  1 13:12:46 2007: Got mail
Received: from yves by localhost with local (Exim 4.50)
	id 1G17uk-0003eY-55
	for goat@rutschle.net; Thu, 13 Jul 2006 22:36:02 +0200
Date: Thu, 13 Jul 2006 22:36:01 +0200
To: goat@rutschle.net
Subject: n'importe quoi
Message-ID: <20060713203601.GD841@naryves.com>
Mime-Version: 1.0
Content-Type: text/plain; charset=us-ascii
Content-Disposition: inline
User-Agent: Mutt/1.5.9i
From: Yves <yves@rutschle.net>

rdv 13 déc 2005 21:00, Cool

Thu Nov  1 13:13:01 2007: Got mail
Received: from yves by localhost with local (Exim 4.50)
	id 1G17uk-0003eY-55
	for goat@rutschle.net; Thu, 13 Jul 2006 22:36:02 +0200
Date: Thu, 13 Jul 2006 22:36:01 +0200
To: goat@rutschle.net
Subject: rdb: 12 aou 2006 17:00, Club Go
Message-ID: <20060713203601.GD841@naryves.com>
Mime-Version: 1.0
Content-Type: text/plain; charset=us-ascii
Content-Disposition: inline
User-Agent: Mutt/1.5.9i
From: Yves <yves@rutschle.net>



Thu Nov  1 13:13:01 2007: No command found, bouncing mail
